<?xml version="1.0" encoding="UTF-8"?><testrun name="test" project="commons-validator-1.3.0-src" tests="534" started="534" failures="8" errors="15" ignored="0">
  <testsuite name="org.apache.commons.validator.routines.CurrencyValidatorTest" time="0.0">
    <testcase name="testFormatType" classname="org.apache.commons.validator.routines.CurrencyValidatorTest" time="0.0"/>
    <testcase name="testIntegerValid" classname="org.apache.commons.validator.routines.CurrencyValidatorTest" time="0.0"/>
    <testcase name="testIntegerInvalid" classname="org.apache.commons.validator.routines.CurrencyValidatorTest" time="0.0"/>
    <testcase name="testPattern" classname="org.apache.commons.validator.routines.CurrencyValidatorTest" time="0.0"/>
    <testcase name="testValid" classname="org.apache.commons.validator.routines.CurrencyValidatorTest" time="0.0"/>
    <testcase name="testInvalid" classname="org.apache.commons.validator.routines.CurrencyValidatorTest" time="0.0"/>
  </testsuite>
  <testsuite name="org.apache.commons.validator.ValidatorResultsTest" time="0.976">
    <testcase name="testAllValid" classname="org.apache.commons.validator.ValidatorResultsTest" time="0.611"/>
    <testcase name="testErrors" classname="org.apache.commons.validator.ValidatorResultsTest" time="0.365"/>
  </testsuite>
  <testsuite name="org.apache.commons.validator.routines.TimeValidatorTest" time="0.012">
    <testcase name="testLocaleInvalid" classname="org.apache.commons.validator.routines.TimeValidatorTest" time="0.004"/>
    <testcase name="testLocaleValid" classname="org.apache.commons.validator.routines.TimeValidatorTest" time="0.001"/>
    <testcase name="testPatternInvalid" classname="org.apache.commons.validator.routines.TimeValidatorTest" time="0.003"/>
    <testcase name="testPatternValid" classname="org.apache.commons.validator.routines.TimeValidatorTest" time="0.001"/>
    <testcase name="testCompare" classname="org.apache.commons.validator.routines.TimeValidatorTest" time="0.001"/>
    <testcase name="testFormat" classname="org.apache.commons.validator.routines.TimeValidatorTest" time="0.0"/>
    <testcase name="testTimeZone" classname="org.apache.commons.validator.routines.TimeValidatorTest" time="0.002"/>
  </testsuite>
  <testsuite name="org.apache.commons.validator.ExceptionTest" time="0.36">
    <testcase name="testValidatorException" classname="org.apache.commons.validator.ExceptionTest" time="0.36"/>
  </testsuite>
  <testsuite name="org.apache.commons.validator.MultipleTests" time="2.899">
    <testcase name="testFailingFirstDependentValidator" classname="org.apache.commons.validator.MultipleTests" time="0.356"/>
    <testcase name="testFailingNextDependentValidator" classname="org.apache.commons.validator.MultipleTests" time="0.351"/>
    <testcase name="testPassingDependentsPassingMain" classname="org.apache.commons.validator.MultipleTests" time="0.368"/>
    <testcase name="testPassingDependentsFailingMain" classname="org.apache.commons.validator.MultipleTests" time="0.371"/>
    <testcase name="testRequiredLastNameShort" classname="org.apache.commons.validator.MultipleTests" time="0.357"/>
    <testcase name="testRequiredLastNameLong" classname="org.apache.commons.validator.MultipleTests" time="0.375"/>
    <testcase name="testRequiredFirstNameBlankLastNameShort" classname="org.apache.commons.validator.MultipleTests" time="0.365"/>
    <testcase name="testBothBlank" classname="org.apache.commons.validator.MultipleTests" time="0.356"/>
  </testsuite>
  <testsuite name="org.apache.commons.validator.DateTest" time="0.739">
    <testcase name="testInvalidDate" classname="org.apache.commons.validator.DateTest" time="0.375"/>
    <testcase name="testValidDate" classname="org.apache.commons.validator.DateTest" time="0.364"/>
  </testsuite>
  <testsuite name="org.apache.commons.validator.ByteTest" time="2.925">
    <testcase name="testByteFailure" classname="org.apache.commons.validator.ByteTest" time="0.369"/>
    <testcase name="testByteBeyondMax" classname="org.apache.commons.validator.ByteTest" time="0.367"/>
    <testcase name="testByteBeyondMin" classname="org.apache.commons.validator.ByteTest" time="0.407"/>
    <testcase name="testByte" classname="org.apache.commons.validator.ByteTest" time="0.344"/>
    <testcase name="testByteMin" classname="org.apache.commons.validator.ByteTest" time="0.364"/>
    <testcase name="testByteMax" classname="org.apache.commons.validator.ByteTest" time="0.37"/>
    <testcase name="testNumberFailure" classname="org.apache.commons.validator.ByteTest" time="0.346"/>
    <testcase name="testNumber" classname="org.apache.commons.validator.ByteTest" time="0.358"/>
  </testsuite>
  <testsuite name="org.apache.commons.validator.CreditCardValidatorTest" time="0.001">
    <testcase name="testAddAllowedCardType" classname="org.apache.commons.validator.CreditCardValidatorTest" time="0.0"/>
    <testcase name="testIsValid" classname="org.apache.commons.validator.CreditCardValidatorTest" time="0.001"/>
  </testsuite>
  <testsuite name="org.apache.commons.validator.FieldTest" time="0.001">
    <testcase name="testDefaultSomePositions" classname="org.apache.commons.validator.FieldTest" time="0.0"/>
    <testcase name="testDefaultPositionImplied" classname="org.apache.commons.validator.FieldTest" time="0.0"/>
    <testcase name="testDefaultUsingPositions" classname="org.apache.commons.validator.FieldTest" time="0.0"/>
    <testcase name="testDefaultOnePosition" classname="org.apache.commons.validator.FieldTest" time="0.0"/>
    <testcase name="testEmptyArgs" classname="org.apache.commons.validator.FieldTest" time="0.0"/>
    <testcase name="testOverrideUsingPositionB" classname="org.apache.commons.validator.FieldTest" time="0.001"/>
    <testcase name="testOverrideSomePosition" classname="org.apache.commons.validator.FieldTest" time="0.0"/>
    <testcase name="testOverridePositionImplied" classname="org.apache.commons.validator.FieldTest" time="0.0"/>
    <testcase name="testOverrideUsingPositionA" classname="org.apache.commons.validator.FieldTest" time="0.0"/>
  </testsuite>
  <testsuite name="org.apache.commons.validator.TypeTest" time="1.048">
    <testcase name="testFRLocale" classname="org.apache.commons.validator.TypeTest" time="0.352"/>
    <testcase name="testUSLocale" classname="org.apache.commons.validator.TypeTest" time="0.351"/>
    <testcase name="testType" classname="org.apache.commons.validator.TypeTest" time="0.345"/>
  </testsuite>
  <testsuite name="org.apache.commons.validator.RetrieveFormTest" time="1.803">
    <testcase name="testLanguageForm" classname="org.apache.commons.validator.RetrieveFormTest" time="0.351"/>
    <testcase name="testDefaultForm" classname="org.apache.commons.validator.RetrieveFormTest" time="0.356"/>
    <testcase name="testFormNotFound" classname="org.apache.commons.validator.RetrieveFormTest" time="0.374"/>
    <testcase name="testLanguageCountryForm" classname="org.apache.commons.validator.RetrieveFormTest" time="0.36"/>
    <testcase name="testLanguageCountryVariantForm" classname="org.apache.commons.validator.RetrieveFormTest" time="0.362"/>
  </testsuite>
  <testsuite name="org.apache.commons.validator.routines.ByteValidatorTest" time="0.007">
    <testcase name="testByteValidatorMethods" classname="org.apache.commons.validator.routines.ByteValidatorTest" time="0.001"/>
    <testcase name="testByteRangeMinMax" classname="org.apache.commons.validator.routines.ByteValidatorTest" time="0.001"/>
    <testcase name="testFormatType" classname="org.apache.commons.validator.routines.ByteValidatorTest" time="0.0"/>
    <testcase name="testFormat" classname="org.apache.commons.validator.routines.ByteValidatorTest" time="0.001"/>
    <testcase name="testValidateMinMax" classname="org.apache.commons.validator.routines.ByteValidatorTest" time="0.0"/>
    <testcase name="testInvalidStrict" classname="org.apache.commons.validator.routines.ByteValidatorTest" time="0.001"/>
    <testcase name="testInvalidNotStrict" classname="org.apache.commons.validator.routines.ByteValidatorTest" time="0.0"/>
    <testcase name="testValidStrict" classname="org.apache.commons.validator.routines.ByteValidatorTest" time="0.001"/>
    <testcase name="testValidateLocale" classname="org.apache.commons.validator.routines.ByteValidatorTest" time="0.001"/>
    <testcase name="testValidNotStrict" classname="org.apache.commons.validator.routines.ByteValidatorTest" time="0.0"/>
    <testcase name="testRangeMinMax" classname="org.apache.commons.validator.routines.ByteValidatorTest" time="0.001"/>
  </testsuite>
  <testsuite name="org.apache.commons.validator.util.FlagsTest" time="0.002">
    <testcase name="testHashCode" classname="org.apache.commons.validator.util.FlagsTest" time="0.0"/>
    <testcase name="testGetFlags" classname="org.apache.commons.validator.util.FlagsTest" time="0.0"/>
    <testcase name="testTurnOnOff" classname="org.apache.commons.validator.util.FlagsTest" time="0.0"/>
    <testcase name="testClear" classname="org.apache.commons.validator.util.FlagsTest" time="0.0"/>
    <testcase name="testTurnOnAll" classname="org.apache.commons.validator.util.FlagsTest" time="0.0"/>
    <testcase name="testTurnOff" classname="org.apache.commons.validator.util.FlagsTest" time="0.001"/>
    <testcase name="testIsOnOff" classname="org.apache.commons.validator.util.FlagsTest" time="0.0"/>
    <testcase name="testClone" classname="org.apache.commons.validator.util.FlagsTest" time="0.0"/>
    <testcase name="testToString" classname="org.apache.commons.validator.util.FlagsTest" time="0.0"/>
    <testcase name="testTurnOffAll" classname="org.apache.commons.validator.util.FlagsTest" time="0.0"/>
    <testcase name="testEqualsObject" classname="org.apache.commons.validator.util.FlagsTest" time="0.001"/>
  </testsuite>
  <testsuite name="org.apache.commons.validator.LocaleTest" time="1.751">
    <testcase name="testLocale3" classname="org.apache.commons.validator.LocaleTest" time="0.348"/>
    <testcase name="testLocale1" classname="org.apache.commons.validator.LocaleTest" time="0.365"/>
    <testcase name="testLocale4" classname="org.apache.commons.validator.LocaleTest" time="0.35"/>
    <testcase name="testLocale5" classname="org.apache.commons.validator.LocaleTest" time="0.342"/>
    <testcase name="testLocale2" classname="org.apache.commons.validator.LocaleTest" time="0.346"/>
  </testsuite>
  <testsuite name="org.apache.commons.validator.routines.PercentValidatorTest" time="0.001">
    <testcase name="testFormatType" classname="org.apache.commons.validator.routines.PercentValidatorTest" time="0.0"/>
    <testcase name="testValid" classname="org.apache.commons.validator.routines.PercentValidatorTest" time="0.001"/>
    <testcase name="testInvalid" classname="org.apache.commons.validator.routines.PercentValidatorTest" time="0.0"/>
  </testsuite>
  <testsuite name="org.apache.commons.validator.ParameterTest" time="0.355">
    <testcase name="testAllValid" classname="org.apache.commons.validator.ParameterTest" time="0.355">
      <failure>junit.framework.AssertionFailedError: Validator.validate() threw org.apache.commons.validator.ValidatorException: argument type mismatch&#13;
	at junit.framework.Assert.fail(Assert.java:47)&#13;
	at org.apache.commons.validator.ParameterTest.testAllValid(ParameterTest.java:113)&#13;
	at sun.reflect.NativeMethodAccessorImpl.invoke0(Native Method)&#13;
	at sun.reflect.NativeMethodAccessorImpl.invoke(NativeMethodAccessorImpl.java:57)&#13;
	at sun.reflect.DelegatingMethodAccessorImpl.invoke(DelegatingMethodAccessorImpl.java:43)&#13;
	at java.lang.reflect.Method.invoke(Method.java:606)&#13;
	at junit.framework.TestCase.runTest(TestCase.java:154)&#13;
	at junit.framework.TestCase.runBare(TestCase.java:127)&#13;
	at junit.framework.TestResult$1.protect(TestResult.java:106)&#13;
	at junit.framework.TestResult.runProtected(TestResult.java:124)&#13;
	at junit.framework.TestResult.run(TestResult.java:109)&#13;
	at junit.framework.TestCase.run(TestCase.java:118)&#13;
	at junit.framework.TestSuite.runTest(TestSuite.java:208)&#13;
	at junit.framework.TestSuite.run(TestSuite.java:203)&#13;
	at org.eclipse.jdt.internal.junit.runner.junit3.JUnit3TestReference.run(JUnit3TestReference.java:131)&#13;
	at org.eclipse.jdt.internal.junit.runner.TestExecution.run(TestExecution.java:38)&#13;
	at org.eclipse.jdt.internal.junit.runner.RemoteTestRunner.runTests(RemoteTestRunner.java:459)&#13;
	at org.eclipse.jdt.internal.junit.runner.RemoteTestRunner.runTests(RemoteTestRunner.java:675)&#13;
	at org.eclipse.jdt.internal.junit.runner.RemoteTestRunner.run(RemoteTestRunner.java:382)&#13;
	at org.eclipse.jdt.internal.junit.runner.RemoteTestRunner.main(RemoteTestRunner.java:192)&#13;
&#13;
</failure>
    </testcase>
  </testsuite>
  <testsuite name="org.apache.commons.validator.routines.IntegerValidatorTest" time="0.004">
    <testcase name="testIntegerRangeMinMax" classname="org.apache.commons.validator.routines.IntegerValidatorTest" time="0.0"/>
    <testcase name="testIntegerValidatorMethods" classname="org.apache.commons.validator.routines.IntegerValidatorTest" time="0.0"/>
    <testcase name="testFormatType" classname="org.apache.commons.validator.routines.IntegerValidatorTest" time="0.0"/>
    <testcase name="testFormat" classname="org.apache.commons.validator.routines.IntegerValidatorTest" time="0.0"/>
    <testcase name="testValidateMinMax" classname="org.apache.commons.validator.routines.IntegerValidatorTest" time="0.001"/>
    <testcase name="testInvalidStrict" classname="org.apache.commons.validator.routines.IntegerValidatorTest" time="0.0"/>
    <testcase name="testInvalidNotStrict" classname="org.apache.commons.validator.routines.IntegerValidatorTest" time="0.0"/>
    <testcase name="testValidStrict" classname="org.apache.commons.validator.routines.IntegerValidatorTest" time="0.0"/>
    <testcase name="testValidateLocale" classname="org.apache.commons.validator.routines.IntegerValidatorTest" time="0.0"/>
    <testcase name="testValidNotStrict" classname="org.apache.commons.validator.routines.IntegerValidatorTest" time="0.001"/>
    <testcase name="testRangeMinMax" classname="org.apache.commons.validator.routines.IntegerValidatorTest" time="0.0"/>
  </testsuite>
  <testsuite name="org.apache.commons.validator.routines.DoubleValidatorTest" time="0.004">
    <testcase name="testDoubleValidatorMethods" classname="org.apache.commons.validator.routines.DoubleValidatorTest" time="0.0"/>
    <testcase name="testDoubleRangeMinMax" classname="org.apache.commons.validator.routines.DoubleValidatorTest" time="0.001"/>
    <testcase name="testFormatType" classname="org.apache.commons.validator.routines.DoubleValidatorTest" time="0.0"/>
    <testcase name="testFormat" classname="org.apache.commons.validator.routines.DoubleValidatorTest" time="0.0"/>
    <testcase name="testValidateMinMax" classname="org.apache.commons.validator.routines.DoubleValidatorTest" time="0.0"/>
    <testcase name="testInvalidStrict" classname="org.apache.commons.validator.routines.DoubleValidatorTest" time="0.001"/>
    <testcase name="testInvalidNotStrict" classname="org.apache.commons.validator.routines.DoubleValidatorTest" time="0.0"/>
    <testcase name="testValidStrict" classname="org.apache.commons.validator.routines.DoubleValidatorTest" time="0.001"/>
    <testcase name="testValidateLocale" classname="org.apache.commons.validator.routines.DoubleValidatorTest" time="0.0"/>
    <testcase name="testValidNotStrict" classname="org.apache.commons.validator.routines.DoubleValidatorTest" time="0.001"/>
    <testcase name="testRangeMinMax" classname="org.apache.commons.validator.routines.DoubleValidatorTest" time="0.0"/>
  </testsuite>
  <testsuite name="org.apache.commons.validator.UrlTest" time="3.779">
    <testcase name="testIsValid" classname="org.apache.commons.validator.UrlTest" time="3.778"/>
    <testcase name="testValidator204" classname="org.apache.commons.validator.UrlTest" time="0.0">
      <failure>junit.framework.AssertionFailedError&#13;
	at junit.framework.Assert.fail(Assert.java:47)&#13;
	at junit.framework.Assert.assertTrue(Assert.java:20)&#13;
	at junit.framework.Assert.assertTrue(Assert.java:27)&#13;
	at org.apache.commons.validator.UrlTest.testValidator204(UrlTest.java:144)&#13;
	at sun.reflect.NativeMethodAccessorImpl.invoke0(Native Method)&#13;
	at sun.reflect.NativeMethodAccessorImpl.invoke(NativeMethodAccessorImpl.java:57)&#13;
	at sun.reflect.DelegatingMethodAccessorImpl.invoke(DelegatingMethodAccessorImpl.java:43)&#13;
	at java.lang.reflect.Method.invoke(Method.java:606)&#13;
	at junit.framework.TestCase.runTest(TestCase.java:154)&#13;
	at junit.framework.TestCase.runBare(TestCase.java:127)&#13;
	at junit.framework.TestResult$1.protect(TestResult.java:106)&#13;
	at junit.framework.TestResult.runProtected(TestResult.java:124)&#13;
	at junit.framework.TestResult.run(TestResult.java:109)&#13;
	at junit.framework.TestCase.run(TestCase.java:118)&#13;
	at junit.framework.TestSuite.runTest(TestSuite.java:208)&#13;
	at junit.framework.TestSuite.run(TestSuite.java:203)&#13;
	at org.eclipse.jdt.internal.junit.runner.junit3.JUnit3TestReference.run(JUnit3TestReference.java:131)&#13;
	at org.eclipse.jdt.internal.junit.runner.TestExecution.run(TestExecution.java:38)&#13;
	at org.eclipse.jdt.internal.junit.runner.RemoteTestRunner.runTests(RemoteTestRunner.java:459)&#13;
	at org.eclipse.jdt.internal.junit.runner.RemoteTestRunner.runTests(RemoteTestRunner.java:675)&#13;
	at org.eclipse.jdt.internal.junit.runner.RemoteTestRunner.run(RemoteTestRunner.java:382)&#13;
	at org.eclipse.jdt.internal.junit.runner.RemoteTestRunner.main(RemoteTestRunner.java:192)&#13;
&#13;
</failure>
    </testcase>
    <testcase name="testIsValidScheme" classname="org.apache.commons.validator.UrlTest" time="0.0"/>
    <testcase name="testValidator202" classname="org.apache.commons.validator.UrlTest" time="0.001">
      <error>java.lang.ArrayIndexOutOfBoundsException: 10&#13;
	at org.apache.commons.validator.UrlValidator.isValidAuthority(UrlValidator.java:367)&#13;
	at org.apache.commons.validator.UrlValidator.isValid(UrlValidator.java:262)&#13;
	at org.apache.commons.validator.UrlTest.testValidator202(UrlTest.java:138)&#13;
	at sun.reflect.NativeMethodAccessorImpl.invoke0(Native Method)&#13;
	at sun.reflect.NativeMethodAccessorImpl.invoke(NativeMethodAccessorImpl.java:57)&#13;
	at sun.reflect.DelegatingMethodAccessorImpl.invoke(DelegatingMethodAccessorImpl.java:43)&#13;
	at java.lang.reflect.Method.invoke(Method.java:606)&#13;
	at junit.framework.TestCase.runTest(TestCase.java:154)&#13;
	at junit.framework.TestCase.runBare(TestCase.java:127)&#13;
	at junit.framework.TestResult$1.protect(TestResult.java:106)&#13;
	at junit.framework.TestResult.runProtected(TestResult.java:124)&#13;
	at junit.framework.TestResult.run(TestResult.java:109)&#13;
	at junit.framework.TestCase.run(TestCase.java:118)&#13;
	at junit.framework.TestSuite.runTest(TestSuite.java:208)&#13;
	at junit.framework.TestSuite.run(TestSuite.java:203)&#13;
	at org.eclipse.jdt.internal.junit.runner.junit3.JUnit3TestReference.run(JUnit3TestReference.java:131)&#13;
	at org.eclipse.jdt.internal.junit.runner.TestExecution.run(TestExecution.java:38)&#13;
	at org.eclipse.jdt.internal.junit.runner.RemoteTestRunner.runTests(RemoteTestRunner.java:459)&#13;
	at org.eclipse.jdt.internal.junit.runner.RemoteTestRunner.runTests(RemoteTestRunner.java:675)&#13;
	at org.eclipse.jdt.internal.junit.runner.RemoteTestRunner.run(RemoteTestRunner.java:382)&#13;
	at org.eclipse.jdt.internal.junit.runner.RemoteTestRunner.main(RemoteTestRunner.java:192)&#13;
&#13;
</error>
    </testcase>
    <testcase name="testValidateUrl" classname="org.apache.commons.validator.UrlTest" time="0.0"/>
  </testsuite>
  <testsuite name="org.apache.commons.validator.ExtensionTest" time="2.765">
    <testcase name="testRequiredFirstNameBlank" classname="org.apache.commons.validator.ExtensionTest" time="0.352"/>
    <testcase name="testRequiredLastNameBlank" classname="org.apache.commons.validator.ExtensionTest" time="0.345"/>
    <testcase name="testRequiredFirstName" classname="org.apache.commons.validator.ExtensionTest" time="0.343"/>
    <testcase name="testOverrideRule" classname="org.apache.commons.validator.ExtensionTest" time="0.336"/>
    <testcase name="testRequiredLastName" classname="org.apache.commons.validator.ExtensionTest" time="0.345"/>
    <testcase name="testRequiredName" classname="org.apache.commons.validator.ExtensionTest" time="0.348"/>
    <testcase name="testRequired" classname="org.apache.commons.validator.ExtensionTest" time="0.352"/>
    <testcase name="testOrder" classname="org.apache.commons.validator.ExtensionTest" time="0.344"/>
  </testsuite>
  <testsuite name="org.apache.commons.validator.ISBNValidatorTest" time="0.001">
    <testcase name="testIsValid" classname="org.apache.commons.validator.ISBNValidatorTest" time="0.001"/>
  </testsuite>
  <testsuite name="org.apache.commons.validator.ShortTest" time="2.042">
    <testcase name="testShortBeyondMin" classname="org.apache.commons.validator.ShortTest" time="0.337"/>
    <testcase name="testShortMin" classname="org.apache.commons.validator.ShortTest" time="0.336"/>
    <testcase name="testShortMax" classname="org.apache.commons.validator.ShortTest" time="0.34"/>
    <testcase name="testShortBeyondMax" classname="org.apache.commons.validator.ShortTest" time="0.343"/>
    <testcase name="testNumberFailure" classname="org.apache.commons.validator.ShortTest" time="0.349"/>
    <testcase name="testNumber" classname="org.apache.commons.validator.ShortTest" time="0.337"/>
  </testsuite>
  <testsuite name="org.apache.commons.validator.routines.BaseNumberValidatorTest" time="0.004">
    <testcase name="testFormatType" classname="org.apache.commons.validator.routines.BaseNumberValidatorTest" time="0.0">
      <error>java.lang.NullPointerException&#13;
	at org.apache.commons.validator.routines.BaseNumberValidatorTest.testFormatType(BaseNumberValidatorTest.java:86)&#13;
	at sun.reflect.NativeMethodAccessorImpl.invoke0(Native Method)&#13;
	at sun.reflect.NativeMethodAccessorImpl.invoke(NativeMethodAccessorImpl.java:57)&#13;
	at sun.reflect.DelegatingMethodAccessorImpl.invoke(DelegatingMethodAccessorImpl.java:43)&#13;
	at java.lang.reflect.Method.invoke(Method.java:606)&#13;
	at junit.framework.TestCase.runTest(TestCase.java:154)&#13;
	at junit.framework.TestCase.runBare(TestCase.java:127)&#13;
	at junit.framework.TestResult$1.protect(TestResult.java:106)&#13;
	at junit.framework.TestResult.runProtected(TestResult.java:124)&#13;
	at junit.framework.TestResult.run(TestResult.java:109)&#13;
	at junit.framework.TestCase.run(TestCase.java:118)&#13;
	at junit.framework.TestSuite.runTest(TestSuite.java:208)&#13;
	at junit.framework.TestSuite.run(TestSuite.java:203)&#13;
	at org.eclipse.jdt.internal.junit.runner.junit3.JUnit3TestReference.run(JUnit3TestReference.java:131)&#13;
	at org.eclipse.jdt.internal.junit.runner.TestExecution.run(TestExecution.java:38)&#13;
	at org.eclipse.jdt.internal.junit.runner.RemoteTestRunner.runTests(RemoteTestRunner.java:459)&#13;
	at org.eclipse.jdt.internal.junit.runner.RemoteTestRunner.runTests(RemoteTestRunner.java:675)&#13;
	at org.eclipse.jdt.internal.junit.runner.RemoteTestRunner.run(RemoteTestRunner.java:382)&#13;
	at org.eclipse.jdt.internal.junit.runner.RemoteTestRunner.main(RemoteTestRunner.java:192)&#13;
&#13;
</error>
    </testcase>
    <testcase name="testFormat" classname="org.apache.commons.validator.routines.BaseNumberValidatorTest" time="0.001">
      <error>java.lang.NullPointerException&#13;
	at org.apache.commons.validator.routines.BaseNumberValidatorTest.testFormat(BaseNumberValidatorTest.java:177)&#13;
	at sun.reflect.NativeMethodAccessorImpl.invoke0(Native Method)&#13;
	at sun.reflect.NativeMethodAccessorImpl.invoke(NativeMethodAccessorImpl.java:57)&#13;
	at sun.reflect.DelegatingMethodAccessorImpl.invoke(DelegatingMethodAccessorImpl.java:43)&#13;
	at java.lang.reflect.Method.invoke(Method.java:606)&#13;
	at junit.framework.TestCase.runTest(TestCase.java:154)&#13;
	at junit.framework.TestCase.runBare(TestCase.java:127)&#13;
	at junit.framework.TestResult$1.protect(TestResult.java:106)&#13;
	at junit.framework.TestResult.runProtected(TestResult.java:124)&#13;
	at junit.framework.TestResult.run(TestResult.java:109)&#13;
	at junit.framework.TestCase.run(TestCase.java:118)&#13;
	at junit.framework.TestSuite.runTest(TestSuite.java:208)&#13;
	at junit.framework.TestSuite.run(TestSuite.java:203)&#13;
	at org.eclipse.jdt.internal.junit.runner.junit3.JUnit3TestReference.run(JUnit3TestReference.java:131)&#13;
	at org.eclipse.jdt.internal.junit.runner.TestExecution.run(TestExecution.java:38)&#13;
	at org.eclipse.jdt.internal.junit.runner.RemoteTestRunner.runTests(RemoteTestRunner.java:459)&#13;
	at org.eclipse.jdt.internal.junit.runner.RemoteTestRunner.runTests(RemoteTestRunner.java:675)&#13;
	at org.eclipse.jdt.internal.junit.runner.RemoteTestRunner.run(RemoteTestRunner.java:382)&#13;
	at org.eclipse.jdt.internal.junit.runner.RemoteTestRunner.main(RemoteTestRunner.java:192)&#13;
&#13;
</error>
    </testcase>
    <testcase name="testValidateMinMax" classname="org.apache.commons.validator.routines.BaseNumberValidatorTest" time="0.0"/>
    <testcase name="testInvalidStrict" classname="org.apache.commons.validator.routines.BaseNumberValidatorTest" time="0.0">
      <error>java.lang.NullPointerException&#13;
	at org.apache.commons.validator.routines.BaseNumberValidatorTest.testInvalidStrict(BaseNumberValidatorTest.java:107)&#13;
	at sun.reflect.NativeMethodAccessorImpl.invoke0(Native Method)&#13;
	at sun.reflect.NativeMethodAccessorImpl.invoke(NativeMethodAccessorImpl.java:57)&#13;
	at sun.reflect.DelegatingMethodAccessorImpl.invoke(DelegatingMethodAccessorImpl.java:43)&#13;
	at java.lang.reflect.Method.invoke(Method.java:606)&#13;
	at junit.framework.TestCase.runTest(TestCase.java:154)&#13;
	at junit.framework.TestCase.runBare(TestCase.java:127)&#13;
	at junit.framework.TestResult$1.protect(TestResult.java:106)&#13;
	at junit.framework.TestResult.runProtected(TestResult.java:124)&#13;
	at junit.framework.TestResult.run(TestResult.java:109)&#13;
	at junit.framework.TestCase.run(TestCase.java:118)&#13;
	at junit.framework.TestSuite.runTest(TestSuite.java:208)&#13;
	at junit.framework.TestSuite.run(TestSuite.java:203)&#13;
	at org.eclipse.jdt.internal.junit.runner.junit3.JUnit3TestReference.run(JUnit3TestReference.java:131)&#13;
	at org.eclipse.jdt.internal.junit.runner.TestExecution.run(TestExecution.java:38)&#13;
	at org.eclipse.jdt.internal.junit.runner.RemoteTestRunner.runTests(RemoteTestRunner.java:459)&#13;
	at org.eclipse.jdt.internal.junit.runner.RemoteTestRunner.runTests(RemoteTestRunner.java:675)&#13;
	at org.eclipse.jdt.internal.junit.runner.RemoteTestRunner.run(RemoteTestRunner.java:382)&#13;
	at org.eclipse.jdt.internal.junit.runner.RemoteTestRunner.main(RemoteTestRunner.java:192)&#13;
&#13;
</error>
    </testcase>
    <testcase name="testInvalidNotStrict" classname="org.apache.commons.validator.routines.BaseNumberValidatorTest" time="0.001">
      <error>java.lang.NullPointerException&#13;
	at org.apache.commons.validator.routines.BaseNumberValidatorTest.testInvalidNotStrict(BaseNumberValidatorTest.java:120)&#13;
	at sun.reflect.NativeMethodAccessorImpl.invoke0(Native Method)&#13;
	at sun.reflect.NativeMethodAccessorImpl.invoke(NativeMethodAccessorImpl.java:57)&#13;
	at sun.reflect.DelegatingMethodAccessorImpl.invoke(DelegatingMethodAccessorImpl.java:43)&#13;
	at java.lang.reflect.Method.invoke(Method.java:606)&#13;
	at junit.framework.TestCase.runTest(TestCase.java:154)&#13;
	at junit.framework.TestCase.runBare(TestCase.java:127)&#13;
	at junit.framework.TestResult$1.protect(TestResult.java:106)&#13;
	at junit.framework.TestResult.runProtected(TestResult.java:124)&#13;
	at junit.framework.TestResult.run(TestResult.java:109)&#13;
	at junit.framework.TestCase.run(TestCase.java:118)&#13;
	at junit.framework.TestSuite.runTest(TestSuite.java:208)&#13;
	at junit.framework.TestSuite.run(TestSuite.java:203)&#13;
	at org.eclipse.jdt.internal.junit.runner.junit3.JUnit3TestReference.run(JUnit3TestReference.java:131)&#13;
	at org.eclipse.jdt.internal.junit.runner.TestExecution.run(TestExecution.java:38)&#13;
	at org.eclipse.jdt.internal.junit.runner.RemoteTestRunner.runTests(RemoteTestRunner.java:459)&#13;
	at org.eclipse.jdt.internal.junit.runner.RemoteTestRunner.runTests(RemoteTestRunner.java:675)&#13;
	at org.eclipse.jdt.internal.junit.runner.RemoteTestRunner.run(RemoteTestRunner.java:382)&#13;
	at org.eclipse.jdt.internal.junit.runner.RemoteTestRunner.main(RemoteTestRunner.java:192)&#13;
&#13;
</error>
    </testcase>
    <testcase name="testValidStrict" classname="org.apache.commons.validator.routines.BaseNumberValidatorTest" time="0.0">
      <error>java.lang.NullPointerException&#13;
	at org.apache.commons.validator.routines.BaseNumberValidatorTest.testValidStrict(BaseNumberValidatorTest.java:133)&#13;
	at sun.reflect.NativeMethodAccessorImpl.invoke0(Native Method)&#13;
	at sun.reflect.NativeMethodAccessorImpl.invoke(NativeMethodAccessorImpl.java:57)&#13;
	at sun.reflect.DelegatingMethodAccessorImpl.invoke(DelegatingMethodAccessorImpl.java:43)&#13;
	at java.lang.reflect.Method.invoke(Method.java:606)&#13;
	at junit.framework.TestCase.runTest(TestCase.java:154)&#13;
	at junit.framework.TestCase.runBare(TestCase.java:127)&#13;
	at junit.framework.TestResult$1.protect(TestResult.java:106)&#13;
	at junit.framework.TestResult.runProtected(TestResult.java:124)&#13;
	at junit.framework.TestResult.run(TestResult.java:109)&#13;
	at junit.framework.TestCase.run(TestCase.java:118)&#13;
	at junit.framework.TestSuite.runTest(TestSuite.java:208)&#13;
	at junit.framework.TestSuite.run(TestSuite.java:203)&#13;
	at org.eclipse.jdt.internal.junit.runner.junit3.JUnit3TestReference.run(JUnit3TestReference.java:131)&#13;
	at org.eclipse.jdt.internal.junit.runner.TestExecution.run(TestExecution.java:38)&#13;
	at org.eclipse.jdt.internal.junit.runner.RemoteTestRunner.runTests(RemoteTestRunner.java:459)&#13;
	at org.eclipse.jdt.internal.junit.runner.RemoteTestRunner.runTests(RemoteTestRunner.java:675)&#13;
	at org.eclipse.jdt.internal.junit.runner.RemoteTestRunner.run(RemoteTestRunner.java:382)&#13;
	at org.eclipse.jdt.internal.junit.runner.RemoteTestRunner.main(RemoteTestRunner.java:192)&#13;
&#13;
</error>
    </testcase>
    <testcase name="testValidateLocale" classname="org.apache.commons.validator.routines.BaseNumberValidatorTest" time="0.001">
      <error>java.lang.NullPointerException&#13;
	at org.apache.commons.validator.routines.BaseNumberValidatorTest.testValidateLocale(BaseNumberValidatorTest.java:160)&#13;
	at sun.reflect.NativeMethodAccessorImpl.invoke0(Native Method)&#13;
	at sun.reflect.NativeMethodAccessorImpl.invoke(NativeMethodAccessorImpl.java:57)&#13;
	at sun.reflect.DelegatingMethodAccessorImpl.invoke(DelegatingMethodAccessorImpl.java:43)&#13;
	at java.lang.reflect.Method.invoke(Method.java:606)&#13;
	at junit.framework.TestCase.runTest(TestCase.java:154)&#13;
	at junit.framework.TestCase.runBare(TestCase.java:127)&#13;
	at junit.framework.TestResult$1.protect(TestResult.java:106)&#13;
	at junit.framework.TestResult.runProtected(TestResult.java:124)&#13;
	at junit.framework.TestResult.run(TestResult.java:109)&#13;
	at junit.framework.TestCase.run(TestCase.java:118)&#13;
	at junit.framework.TestSuite.runTest(TestSuite.java:208)&#13;
	at junit.framework.TestSuite.run(TestSuite.java:203)&#13;
	at org.eclipse.jdt.internal.junit.runner.junit3.JUnit3TestReference.run(JUnit3TestReference.java:131)&#13;
	at org.eclipse.jdt.internal.junit.runner.TestExecution.run(TestExecution.java:38)&#13;
	at org.eclipse.jdt.internal.junit.runner.RemoteTestRunner.runTests(RemoteTestRunner.java:459)&#13;
	at org.eclipse.jdt.internal.junit.runner.RemoteTestRunner.runTests(RemoteTestRunner.java:675)&#13;
	at org.eclipse.jdt.internal.junit.runner.RemoteTestRunner.run(RemoteTestRunner.java:382)&#13;
	at org.eclipse.jdt.internal.junit.runner.RemoteTestRunner.main(RemoteTestRunner.java:192)&#13;
&#13;
</error>
    </testcase>
    <testcase name="testValidNotStrict" classname="org.apache.commons.validator.routines.BaseNumberValidatorTest" time="0.0">
      <error>java.lang.NullPointerException&#13;
	at org.apache.commons.validator.routines.BaseNumberValidatorTest.testValidNotStrict(BaseNumberValidatorTest.java:146)&#13;
	at sun.reflect.NativeMethodAccessorImpl.invoke0(Native Method)&#13;
	at sun.reflect.NativeMethodAccessorImpl.invoke(NativeMethodAccessorImpl.java:57)&#13;
	at sun.reflect.DelegatingMethodAccessorImpl.invoke(DelegatingMethodAccessorImpl.java:43)&#13;
	at java.lang.reflect.Method.invoke(Method.java:606)&#13;
	at junit.framework.TestCase.runTest(TestCase.java:154)&#13;
	at junit.framework.TestCase.runBare(TestCase.java:127)&#13;
	at junit.framework.TestResult$1.protect(TestResult.java:106)&#13;
	at junit.framework.TestResult.runProtected(TestResult.java:124)&#13;
	at junit.framework.TestResult.run(TestResult.java:109)&#13;
	at junit.framework.TestCase.run(TestCase.java:118)&#13;
	at junit.framework.TestSuite.runTest(TestSuite.java:208)&#13;
	at junit.framework.TestSuite.run(TestSuite.java:203)&#13;
	at org.eclipse.jdt.internal.junit.runner.junit3.JUnit3TestReference.run(JUnit3TestReference.java:131)&#13;
	at org.eclipse.jdt.internal.junit.runner.TestExecution.run(TestExecution.java:38)&#13;
	at org.eclipse.jdt.internal.junit.runner.RemoteTestRunner.runTests(RemoteTestRunner.java:459)&#13;
	at org.eclipse.jdt.internal.junit.runner.RemoteTestRunner.runTests(RemoteTestRunner.java:675)&#13;
	at org.eclipse.jdt.internal.junit.runner.RemoteTestRunner.run(RemoteTestRunner.java:382)&#13;
	at org.eclipse.jdt.internal.junit.runner.RemoteTestRunner.main(RemoteTestRunner.java:192)&#13;
&#13;
</error>
    </testcase>
    <testcase name="testRangeMinMax" classname="org.apache.commons.validator.routines.BaseNumberValidatorTest" time="0.001">
      <error>java.lang.NullPointerException&#13;
	at org.apache.commons.validator.routines.BaseNumberValidatorTest.testRangeMinMax(BaseNumberValidatorTest.java:194)&#13;
	at sun.reflect.NativeMethodAccessorImpl.invoke0(Native Method)&#13;
	at sun.reflect.NativeMethodAccessorImpl.invoke(NativeMethodAccessorImpl.java:57)&#13;
	at sun.reflect.DelegatingMethodAccessorImpl.invoke(DelegatingMethodAccessorImpl.java:43)&#13;
	at java.lang.reflect.Method.invoke(Method.java:606)&#13;
	at junit.framework.TestCase.runTest(TestCase.java:154)&#13;
	at junit.framework.TestCase.runBare(TestCase.java:127)&#13;
	at junit.framework.TestResult$1.protect(TestResult.java:106)&#13;
	at junit.framework.TestResult.runProtected(TestResult.java:124)&#13;
	at junit.framework.TestResult.run(TestResult.java:109)&#13;
	at junit.framework.TestCase.run(TestCase.java:118)&#13;
	at junit.framework.TestSuite.runTest(TestSuite.java:208)&#13;
	at junit.framework.TestSuite.run(TestSuite.java:203)&#13;
	at org.eclipse.jdt.internal.junit.runner.junit3.JUnit3TestReference.run(JUnit3TestReference.java:131)&#13;
	at org.eclipse.jdt.internal.junit.runner.TestExecution.run(TestExecution.java:38)&#13;
	at org.eclipse.jdt.internal.junit.runner.RemoteTestRunner.runTests(RemoteTestRunner.java:459)&#13;
	at org.eclipse.jdt.internal.junit.runner.RemoteTestRunner.runTests(RemoteTestRunner.java:675)&#13;
	at org.eclipse.jdt.internal.junit.runner.RemoteTestRunner.run(RemoteTestRunner.java:382)&#13;
	at org.eclipse.jdt.internal.junit.runner.RemoteTestRunner.main(RemoteTestRunner.java:192)&#13;
&#13;
</error>
    </testcase>
  </testsuite>
  <testsuite name="org.apache.commons.validator.MultipleConfigFilesTest" time="3.472">
    <testcase name="testRequiredLastNameShort" classname="org.apache.commons.validator.MultipleConfigFilesTest" time="0.683"/>
    <testcase name="testRequiredLastNameLong" classname="org.apache.commons.validator.MultipleConfigFilesTest" time="0.712"/>
    <testcase name="testRequiredFirstNameBlankLastNameShort" classname="org.apache.commons.validator.MultipleConfigFilesTest" time="0.675"/>
    <testcase name="testBothBlank" classname="org.apache.commons.validator.MultipleConfigFilesTest" time="0.705"/>
    <testcase name="testMergedConfig" classname="org.apache.commons.validator.MultipleConfigFilesTest" time="0.697"/>
  </testsuite>
  <testsuite name="org.apache.commons.validator.routines.CalendarValidatorTest" time="0.014">
    <testcase name="testCompare" classname="org.apache.commons.validator.routines.CalendarValidatorTest" time="0.001"/>
    <testcase name="testFormat" classname="org.apache.commons.validator.routines.CalendarValidatorTest" time="0.001"/>
    <testcase name="testCalendarValidatorMethods" classname="org.apache.commons.validator.routines.CalendarValidatorTest" time="0.001"/>
    <testcase name="testAdjustToTimeZone" classname="org.apache.commons.validator.routines.CalendarValidatorTest" time="0.0"/>
    <testcase name="testDateTimeStyle" classname="org.apache.commons.validator.routines.CalendarValidatorTest" time="0.001"/>
    <testcase name="testLocaleInvalid" classname="org.apache.commons.validator.routines.CalendarValidatorTest" time="0.003"/>
    <testcase name="testLocaleValid" classname="org.apache.commons.validator.routines.CalendarValidatorTest" time="0.002"/>
    <testcase name="testPatternInvalid" classname="org.apache.commons.validator.routines.CalendarValidatorTest" time="0.002"/>
    <testcase name="testPatternValid" classname="org.apache.commons.validator.routines.CalendarValidatorTest" time="0.002"/>
  </testsuite>
  <testsuite name="org.apache.commons.validator.routines.BigDecimalValidatorTest" time="0.005">
    <testcase name="testBigDecimalRangeMinMax" classname="org.apache.commons.validator.routines.BigDecimalValidatorTest" time="0.0"/>
    <testcase name="testBigDecimalValidatorMethods" classname="org.apache.commons.validator.routines.BigDecimalValidatorTest" time="0.001"/>
    <testcase name="testFormatType" classname="org.apache.commons.validator.routines.BigDecimalValidatorTest" time="0.0"/>
    <testcase name="testFormat" classname="org.apache.commons.validator.routines.BigDecimalValidatorTest" time="0.0"/>
    <testcase name="testValidateMinMax" classname="org.apache.commons.validator.routines.BigDecimalValidatorTest" time="0.0"/>
    <testcase name="testInvalidStrict" classname="org.apache.commons.validator.routines.BigDecimalValidatorTest" time="0.001"/>
    <testcase name="testInvalidNotStrict" classname="org.apache.commons.validator.routines.BigDecimalValidatorTest" time="0.001"/>
    <testcase name="testValidStrict" classname="org.apache.commons.validator.routines.BigDecimalValidatorTest" time="0.001"/>
    <testcase name="testValidateLocale" classname="org.apache.commons.validator.routines.BigDecimalValidatorTest" time="0.001"/>
    <testcase name="testValidNotStrict" classname="org.apache.commons.validator.routines.BigDecimalValidatorTest" time="0.0"/>
    <testcase name="testRangeMinMax" classname="org.apache.commons.validator.routines.BigDecimalValidatorTest" time="0.0"/>
  </testsuite>
  <testsuite name="org.apache.commons.validator.GenericValidatorTest" time="0.001">
    <testcase name="testMinLength" classname="org.apache.commons.validator.GenericValidatorTest" time="0.001"/>
    <testcase name="testMaxLength" classname="org.apache.commons.validator.GenericValidatorTest" time="0.0"/>
  </testsuite>
  <testsuite name="org.apache.commons.validator.EntityImportTest" time="0.361">
    <testcase name="testEntityImport" classname="org.apache.commons.validator.EntityImportTest" time="0.361"/>
  </testsuite>
  <testsuite name="org.apache.commons.validator.EmailTest" time="3.128">
    <testcase name="testEmailWithBogusCharacter" classname="org.apache.commons.validator.EmailTest" time="0.353"/>
    <testcase name="testEmailWithNumericAddress" classname="org.apache.commons.validator.EmailTest" time="0.336"/>
    <testcase name="testEmailWithControlChars" classname="org.apache.commons.validator.EmailTest" time="0.346">
      <failure>junit.framework.AssertionFailedError: Test control char 0&#13;
	at junit.framework.Assert.fail(Assert.java:47)&#13;
	at junit.framework.Assert.assertTrue(Assert.java:20)&#13;
	at junit.framework.Assert.assertFalse(Assert.java:34)&#13;
	at org.apache.commons.validator.EmailTest.testEmailWithControlChars(EmailTest.java:231)&#13;
	at sun.reflect.NativeMethodAccessorImpl.invoke0(Native Method)&#13;
	at sun.reflect.NativeMethodAccessorImpl.invoke(NativeMethodAccessorImpl.java:57)&#13;
	at sun.reflect.DelegatingMethodAccessorImpl.invoke(DelegatingMethodAccessorImpl.java:43)&#13;
	at java.lang.reflect.Method.invoke(Method.java:606)&#13;
	at junit.framework.TestCase.runTest(TestCase.java:154)&#13;
	at junit.framework.TestCase.runBare(TestCase.java:127)&#13;
	at junit.framework.TestResult$1.protect(TestResult.java:106)&#13;
	at junit.framework.TestResult.runProtected(TestResult.java:124)&#13;
	at junit.framework.TestResult.run(TestResult.java:109)&#13;
	at junit.framework.TestCase.run(TestCase.java:118)&#13;
	at junit.framework.TestSuite.runTest(TestSuite.java:208)&#13;
	at junit.framework.TestSuite.run(TestSuite.java:203)&#13;
	at org.eclipse.jdt.internal.junit.runner.junit3.JUnit3TestReference.run(JUnit3TestReference.java:131)&#13;
	at org.eclipse.jdt.internal.junit.runner.TestExecution.run(TestExecution.java:38)&#13;
	at org.eclipse.jdt.internal.junit.runner.RemoteTestRunner.runTests(RemoteTestRunner.java:459)&#13;
	at org.eclipse.jdt.internal.junit.runner.RemoteTestRunner.runTests(RemoteTestRunner.java:675)&#13;
	at org.eclipse.jdt.internal.junit.runner.RemoteTestRunner.run(RemoteTestRunner.java:382)&#13;
	at org.eclipse.jdt.internal.junit.runner.RemoteTestRunner.main(RemoteTestRunner.java:192)&#13;
&#13;
</failure>
    </testcase>
    <testcase name="testEmailExtension" classname="org.apache.commons.validator.EmailTest" time="0.341"/>
    <testcase name="testEmailWithDash" classname="org.apache.commons.validator.EmailTest" time="0.348"/>
    <testcase name="testEmailWithDotEnd" classname="org.apache.commons.validator.EmailTest" time="0.337"/>
    <testcase name="testEmailWithSpaces" classname="org.apache.commons.validator.EmailTest" time="0.354"/>
    <testcase name="testEmailWithCommas" classname="org.apache.commons.validator.EmailTest" time="0.358"/>
    <testcase name="testEmail" classname="org.apache.commons.validator.EmailTest" time="0.355"/>
  </testsuite>
  <testsuite name="org.apache.commons.validator.FloatTest" time="2.143">
    <testcase name="testFloatFailure" classname="org.apache.commons.validator.FloatTest" time="0.359"/>
    <testcase name="testFloatMin" classname="org.apache.commons.validator.FloatTest" time="0.356"/>
    <testcase name="testFloatMax" classname="org.apache.commons.validator.FloatTest" time="0.344"/>
    <testcase name="testFloat" classname="org.apache.commons.validator.FloatTest" time="0.363"/>
    <testcase name="testNumberFailure" classname="org.apache.commons.validator.FloatTest" time="0.354"/>
    <testcase name="testNumber" classname="org.apache.commons.validator.FloatTest" time="0.367"/>
  </testsuite>
  <testsuite name="org.apache.commons.validator.ValidatorTest" time="0.004">
    <testcase name="testOnlyValidateField" classname="org.apache.commons.validator.ValidatorTest" time="0.001"/>
    <testcase name="testManualBoolean" classname="org.apache.commons.validator.ValidatorTest" time="0.001"/>
    <testcase name="testManualObject" classname="org.apache.commons.validator.ValidatorTest" time="0.001"/>
    <testcase name="testOnlyReturnErrors" classname="org.apache.commons.validator.ValidatorTest" time="0.001"/>
  </testsuite>
  <testsuite name="org.apache.commons.validator.RequiredIfTest" time="1.767">
    <testcase name="testRequiredFirstNameBlank" classname="org.apache.commons.validator.RequiredIfTest" time="0.36"/>
    <testcase name="testRequiredLastNameBlank" classname="org.apache.commons.validator.RequiredIfTest" time="0.365"/>
    <testcase name="testRequiredFirstName" classname="org.apache.commons.validator.RequiredIfTest" time="0.358"/>
    <testcase name="testRequiredLastName" classname="org.apache.commons.validator.RequiredIfTest" time="0.349"/>
    <testcase name="testRequired" classname="org.apache.commons.validator.RequiredIfTest" time="0.335"/>
  </testsuite>
  <testsuite name="org.apache.commons.validator.LongTest" time="2.749">
    <testcase name="testLongFailure" classname="org.apache.commons.validator.LongTest" time="0.337"/>
    <testcase name="testLongBeyondMax" classname="org.apache.commons.validator.LongTest" time="0.345"/>
    <testcase name="testLongBeyondMin" classname="org.apache.commons.validator.LongTest" time="0.339"/>
    <testcase name="testLongMin" classname="org.apache.commons.validator.LongTest" time="0.342"/>
    <testcase name="testLongMax" classname="org.apache.commons.validator.LongTest" time="0.344"/>
    <testcase name="testLong" classname="org.apache.commons.validator.LongTest" time="0.344"/>
    <testcase name="testNumberFailure" classname="org.apache.commons.validator.LongTest" time="0.34"/>
    <testcase name="testNumber" classname="org.apache.commons.validator.LongTest" time="0.358"/>
  </testsuite>
  <testsuite name="org.apache.commons.validator.DoubleTest" time="2.124">
    <testcase name="testDoubleFailure" classname="org.apache.commons.validator.DoubleTest" time="0.359"/>
    <testcase name="testDouble" classname="org.apache.commons.validator.DoubleTest" time="0.352"/>
    <testcase name="testDoubleMax" classname="org.apache.commons.validator.DoubleTest" time="0.342"/>
    <testcase name="testDoubleMin" classname="org.apache.commons.validator.DoubleTest" time="0.363"/>
    <testcase name="testNumberFailure" classname="org.apache.commons.validator.DoubleTest" time="0.352"/>
    <testcase name="testNumber" classname="org.apache.commons.validator.DoubleTest" time="0.356"/>
  </testsuite>
  <testsuite name="org.apache.commons.validator.routines.BaseCalendarValidatorTest" time="0.002">
    <testcase name="testLocaleInvalid" classname="org.apache.commons.validator.routines.BaseCalendarValidatorTest" time="0.0">
      <error>java.lang.NullPointerException&#13;
	at org.apache.commons.validator.routines.BaseCalendarValidatorTest.testLocaleInvalid(BaseCalendarValidatorTest.java:167)&#13;
	at sun.reflect.NativeMethodAccessorImpl.invoke0(Native Method)&#13;
	at sun.reflect.NativeMethodAccessorImpl.invoke(NativeMethodAccessorImpl.java:57)&#13;
	at sun.reflect.DelegatingMethodAccessorImpl.invoke(DelegatingMethodAccessorImpl.java:43)&#13;
	at java.lang.reflect.Method.invoke(Method.java:606)&#13;
	at junit.framework.TestCase.runTest(TestCase.java:154)&#13;
	at junit.framework.TestCase.runBare(TestCase.java:127)&#13;
	at junit.framework.TestResult$1.protect(TestResult.java:106)&#13;
	at junit.framework.TestResult.runProtected(TestResult.java:124)&#13;
	at junit.framework.TestResult.run(TestResult.java:109)&#13;
	at junit.framework.TestCase.run(TestCase.java:118)&#13;
	at junit.framework.TestSuite.runTest(TestSuite.java:208)&#13;
	at junit.framework.TestSuite.run(TestSuite.java:203)&#13;
	at org.eclipse.jdt.internal.junit.runner.junit3.JUnit3TestReference.run(JUnit3TestReference.java:131)&#13;
	at org.eclipse.jdt.internal.junit.runner.TestExecution.run(TestExecution.java:38)&#13;
	at org.eclipse.jdt.internal.junit.runner.RemoteTestRunner.runTests(RemoteTestRunner.java:459)&#13;
	at org.eclipse.jdt.internal.junit.runner.RemoteTestRunner.runTests(RemoteTestRunner.java:675)&#13;
	at org.eclipse.jdt.internal.junit.runner.RemoteTestRunner.run(RemoteTestRunner.java:382)&#13;
	at org.eclipse.jdt.internal.junit.runner.RemoteTestRunner.main(RemoteTestRunner.java:192)&#13;
&#13;
</error>
    </testcase>
    <testcase name="testLocaleValid" classname="org.apache.commons.validator.routines.BaseCalendarValidatorTest" time="0.001">
      <error>java.lang.NullPointerException&#13;
	at org.apache.commons.validator.routines.BaseCalendarValidatorTest.testLocaleValid(BaseCalendarValidatorTest.java:151)&#13;
	at sun.reflect.NativeMethodAccessorImpl.invoke0(Native Method)&#13;
	at sun.reflect.NativeMethodAccessorImpl.invoke(NativeMethodAccessorImpl.java:57)&#13;
	at sun.reflect.DelegatingMethodAccessorImpl.invoke(DelegatingMethodAccessorImpl.java:43)&#13;
	at java.lang.reflect.Method.invoke(Method.java:606)&#13;
	at junit.framework.TestCase.runTest(TestCase.java:154)&#13;
	at junit.framework.TestCase.runBare(TestCase.java:127)&#13;
	at junit.framework.TestResult$1.protect(TestResult.java:106)&#13;
	at junit.framework.TestResult.runProtected(TestResult.java:124)&#13;
	at junit.framework.TestResult.run(TestResult.java:109)&#13;
	at junit.framework.TestCase.run(TestCase.java:118)&#13;
	at junit.framework.TestSuite.runTest(TestSuite.java:208)&#13;
	at junit.framework.TestSuite.run(TestSuite.java:203)&#13;
	at org.eclipse.jdt.internal.junit.runner.junit3.JUnit3TestReference.run(JUnit3TestReference.java:131)&#13;
	at org.eclipse.jdt.internal.junit.runner.TestExecution.run(TestExecution.java:38)&#13;
	at org.eclipse.jdt.internal.junit.runner.RemoteTestRunner.runTests(RemoteTestRunner.java:459)&#13;
	at org.eclipse.jdt.internal.junit.runner.RemoteTestRunner.runTests(RemoteTestRunner.java:675)&#13;
	at org.eclipse.jdt.internal.junit.runner.RemoteTestRunner.run(RemoteTestRunner.java:382)&#13;
	at org.eclipse.jdt.internal.junit.runner.RemoteTestRunner.main(RemoteTestRunner.java:192)&#13;
&#13;
</error>
    </testcase>
    <testcase name="testPatternInvalid" classname="org.apache.commons.validator.routines.BaseCalendarValidatorTest" time="0.0">
      <error>java.lang.NullPointerException&#13;
	at org.apache.commons.validator.routines.BaseCalendarValidatorTest.testPatternInvalid(BaseCalendarValidatorTest.java:139)&#13;
	at sun.reflect.NativeMethodAccessorImpl.invoke0(Native Method)&#13;
	at sun.reflect.NativeMethodAccessorImpl.invoke(NativeMethodAccessorImpl.java:57)&#13;
	at sun.reflect.DelegatingMethodAccessorImpl.invoke(DelegatingMethodAccessorImpl.java:43)&#13;
	at java.lang.reflect.Method.invoke(Method.java:606)&#13;
	at junit.framework.TestCase.runTest(TestCase.java:154)&#13;
	at junit.framework.TestCase.runBare(TestCase.java:127)&#13;
	at junit.framework.TestResult$1.protect(TestResult.java:106)&#13;
	at junit.framework.TestResult.runProtected(TestResult.java:124)&#13;
	at junit.framework.TestResult.run(TestResult.java:109)&#13;
	at junit.framework.TestCase.run(TestCase.java:118)&#13;
	at junit.framework.TestSuite.runTest(TestSuite.java:208)&#13;
	at junit.framework.TestSuite.run(TestSuite.java:203)&#13;
	at org.eclipse.jdt.internal.junit.runner.junit3.JUnit3TestReference.run(JUnit3TestReference.java:131)&#13;
	at org.eclipse.jdt.internal.junit.runner.TestExecution.run(TestExecution.java:38)&#13;
	at org.eclipse.jdt.internal.junit.runner.RemoteTestRunner.runTests(RemoteTestRunner.java:459)&#13;
	at org.eclipse.jdt.internal.junit.runner.RemoteTestRunner.runTests(RemoteTestRunner.java:675)&#13;
	at org.eclipse.jdt.internal.junit.runner.RemoteTestRunner.run(RemoteTestRunner.java:382)&#13;
	at org.eclipse.jdt.internal.junit.runner.RemoteTestRunner.main(RemoteTestRunner.java:192)&#13;
&#13;
</error>
    </testcase>
    <testcase name="testPatternValid" classname="org.apache.commons.validator.routines.BaseCalendarValidatorTest" time="0.001">
      <error>java.lang.NullPointerException&#13;
	at org.apache.commons.validator.routines.BaseCalendarValidatorTest.testPatternValid(BaseCalendarValidatorTest.java:123)&#13;
	at sun.reflect.NativeMethodAccessorImpl.invoke0(Native Method)&#13;
	at sun.reflect.NativeMethodAccessorImpl.invoke(NativeMethodAccessorImpl.java:57)&#13;
	at sun.reflect.DelegatingMethodAccessorImpl.invoke(DelegatingMethodAccessorImpl.java:43)&#13;
	at java.lang.reflect.Method.invoke(Method.java:606)&#13;
	at junit.framework.TestCase.runTest(TestCase.java:154)&#13;
	at junit.framework.TestCase.runBare(TestCase.java:127)&#13;
	at junit.framework.TestResult$1.protect(TestResult.java:106)&#13;
	at junit.framework.TestResult.runProtected(TestResult.java:124)&#13;
	at junit.framework.TestResult.run(TestResult.java:109)&#13;
	at junit.framework.TestCase.run(TestCase.java:118)&#13;
	at junit.framework.TestSuite.runTest(TestSuite.java:208)&#13;
	at junit.framework.TestSuite.run(TestSuite.java:203)&#13;
	at org.eclipse.jdt.internal.junit.runner.junit3.JUnit3TestReference.run(JUnit3TestReference.java:131)&#13;
	at org.eclipse.jdt.internal.junit.runner.TestExecution.run(TestExecution.java:38)&#13;
	at org.eclipse.jdt.internal.junit.runner.RemoteTestRunner.runTests(RemoteTestRunner.java:459)&#13;
	at org.eclipse.jdt.internal.junit.runner.RemoteTestRunner.runTests(RemoteTestRunner.java:675)&#13;
	at org.eclipse.jdt.internal.junit.runner.RemoteTestRunner.run(RemoteTestRunner.java:382)&#13;
	at org.eclipse.jdt.internal.junit.runner.RemoteTestRunner.main(RemoteTestRunner.java:192)&#13;
&#13;
</error>
    </testcase>
    <testcase name="testFormat" classname="org.apache.commons.validator.routines.BaseCalendarValidatorTest" time="0.0">
      <error>java.lang.NullPointerException&#13;
	at org.apache.commons.validator.routines.BaseCalendarValidatorTest.testFormat(BaseCalendarValidatorTest.java:179)&#13;
	at sun.reflect.NativeMethodAccessorImpl.invoke0(Native Method)&#13;
	at sun.reflect.NativeMethodAccessorImpl.invoke(NativeMethodAccessorImpl.java:57)&#13;
	at sun.reflect.DelegatingMethodAccessorImpl.invoke(DelegatingMethodAccessorImpl.java:43)&#13;
	at java.lang.reflect.Method.invoke(Method.java:606)&#13;
	at junit.framework.TestCase.runTest(TestCase.java:154)&#13;
	at junit.framework.TestCase.runBare(TestCase.java:127)&#13;
	at junit.framework.TestResult$1.protect(TestResult.java:106)&#13;
	at junit.framework.TestResult.runProtected(TestResult.java:124)&#13;
	at junit.framework.TestResult.run(TestResult.java:109)&#13;
	at junit.framework.TestCase.run(TestCase.java:118)&#13;
	at junit.framework.TestSuite.runTest(TestSuite.java:208)&#13;
	at junit.framework.TestSuite.run(TestSuite.java:203)&#13;
	at org.eclipse.jdt.internal.junit.runner.junit3.JUnit3TestReference.run(JUnit3TestReference.java:131)&#13;
	at org.eclipse.jdt.internal.junit.runner.TestExecution.run(TestExecution.java:38)&#13;
	at org.eclipse.jdt.internal.junit.runner.RemoteTestRunner.runTests(RemoteTestRunner.java:459)&#13;
	at org.eclipse.jdt.internal.junit.runner.RemoteTestRunner.runTests(RemoteTestRunner.java:675)&#13;
	at org.eclipse.jdt.internal.junit.runner.RemoteTestRunner.run(RemoteTestRunner.java:382)&#13;
	at org.eclipse.jdt.internal.junit.runner.RemoteTestRunner.main(RemoteTestRunner.java:192)&#13;
&#13;
</error>
    </testcase>
  </testsuite>
  <testsuite name="junit.framework.TestSuite" time="43.279">
    <testsuite name="org.apache.commons.validator.ExceptionTest" time="0.354">
      <testcase name="testValidatorException" classname="org.apache.commons.validator.ExceptionTest" time="0.354"/>
    </testsuite>
    <testsuite name="org.apache.commons.validator.ByteTest" time="2.985">
      <testcase name="testByteFailure" classname="org.apache.commons.validator.ByteTest" time="0.369"/>
      <testcase name="testByteBeyondMax" classname="org.apache.commons.validator.ByteTest" time="0.358"/>
      <testcase name="testByteBeyondMin" classname="org.apache.commons.validator.ByteTest" time="0.362"/>
      <testcase name="testByte" classname="org.apache.commons.validator.ByteTest" time="0.343"/>
      <testcase name="testByteMin" classname="org.apache.commons.validator.ByteTest" time="0.356"/>
      <testcase name="testByteMax" classname="org.apache.commons.validator.ByteTest" time="0.47"/>
      <testcase name="testNumberFailure" classname="org.apache.commons.validator.ByteTest" time="0.363"/>
      <testcase name="testNumber" classname="org.apache.commons.validator.ByteTest" time="0.364"/>
    </testsuite>
    <testsuite name="org.apache.commons.validator.CreditCardValidatorTest" time="0.0">
      <testcase name="testAddAllowedCardType" classname="org.apache.commons.validator.CreditCardValidatorTest" time="0.0"/>
      <testcase name="testIsValid" classname="org.apache.commons.validator.CreditCardValidatorTest" time="0.0"/>
    </testsuite>
    <testsuite name="org.apache.commons.validator.CustomValidatorResourcesTest" time="0.002">
      <testcase name="testCustomResources" classname="org.apache.commons.validator.CustomValidatorResourcesTest" time="0.002">
        <failure>junit.framework.AssertionFailedError: Error loading resources: org.apache.commons.digester.xmlrules.XmlLoadException&#13;
	at junit.framework.Assert.fail(Assert.java:47)&#13;
	at org.apache.commons.validator.CustomValidatorResourcesTest.testCustomResources(CustomValidatorResourcesTest.java:82)&#13;
	at sun.reflect.NativeMethodAccessorImpl.invoke0(Native Method)&#13;
	at sun.reflect.NativeMethodAccessorImpl.invoke(NativeMethodAccessorImpl.java:57)&#13;
	at sun.reflect.DelegatingMethodAccessorImpl.invoke(DelegatingMethodAccessorImpl.java:43)&#13;
	at java.lang.reflect.Method.invoke(Method.java:606)&#13;
	at junit.framework.TestCase.runTest(TestCase.java:154)&#13;
	at junit.framework.TestCase.runBare(TestCase.java:127)&#13;
	at junit.framework.TestResult$1.protect(TestResult.java:106)&#13;
	at junit.framework.TestResult.runProtected(TestResult.java:124)&#13;
	at junit.framework.TestResult.run(TestResult.java:109)&#13;
	at junit.framework.TestCase.run(TestCase.java:118)&#13;
	at junit.framework.TestSuite.runTest(TestSuite.java:208)&#13;
	at junit.framework.TestSuite.run(TestSuite.java:203)&#13;
	at junit.framework.TestSuite.runTest(TestSuite.java:208)&#13;
	at junit.framework.TestSuite.run(TestSuite.java:203)&#13;
	at org.eclipse.jdt.internal.junit.runner.junit3.JUnit3TestReference.run(JUnit3TestReference.java:131)&#13;
	at org.eclipse.jdt.internal.junit.runner.TestExecution.run(TestExecution.java:38)&#13;
	at org.eclipse.jdt.internal.junit.runner.RemoteTestRunner.runTests(RemoteTestRunner.java:459)&#13;
	at org.eclipse.jdt.internal.junit.runner.RemoteTestRunner.runTests(RemoteTestRunner.java:675)&#13;
	at org.eclipse.jdt.internal.junit.runner.RemoteTestRunner.run(RemoteTestRunner.java:382)&#13;
	at org.eclipse.jdt.internal.junit.runner.RemoteTestRunner.main(RemoteTestRunner.java:192)&#13;
&#13;
</failure>
      </testcase>
    </testsuite>
    <testsuite name="org.apache.commons.validator.DateTest" time="0.749">
      <testcase name="testInvalidDate" classname="org.apache.commons.validator.DateTest" time="0.364"/>
      <testcase name="testValidDate" classname="org.apache.commons.validator.DateTest" time="0.385"/>
    </testsuite>
    <testsuite name="org.apache.commons.validator.DoubleTest" time="2.15">
      <testcase name="testDoubleFailure" classname="org.apache.commons.validator.DoubleTest" time="0.35"/>
      <testcase name="testDouble" classname="org.apache.commons.validator.DoubleTest" time="0.365"/>
      <testcase name="testDoubleMax" classname="org.apache.commons.validator.DoubleTest" time="0.356"/>
      <testcase name="testDoubleMin" classname="org.apache.commons.validator.DoubleTest" time="0.37"/>
      <testcase name="testNumberFailure" classname="org.apache.commons.validator.DoubleTest" time="0.347"/>
      <testcase name="testNumber" classname="org.apache.commons.validator.DoubleTest" time="0.362"/>
    </testsuite>
    <testsuite name="org.apache.commons.validator.EmailTest" time="3.261">
      <testcase name="testEmailWithBogusCharacter" classname="org.apache.commons.validator.EmailTest" time="0.362"/>
      <testcase name="testEmailWithNumericAddress" classname="org.apache.commons.validator.EmailTest" time="0.361"/>
      <testcase name="testEmailWithControlChars" classname="org.apache.commons.validator.EmailTest" time="0.364">
        <failure>junit.framework.AssertionFailedError: Test control char 0&#13;
	at junit.framework.Assert.fail(Assert.java:47)&#13;
	at junit.framework.Assert.assertTrue(Assert.java:20)&#13;
	at junit.framework.Assert.assertFalse(Assert.java:34)&#13;
	at org.apache.commons.validator.EmailTest.testEmailWithControlChars(EmailTest.java:231)&#13;
	at sun.reflect.NativeMethodAccessorImpl.invoke0(Native Method)&#13;
	at sun.reflect.NativeMethodAccessorImpl.invoke(NativeMethodAccessorImpl.java:57)&#13;
	at sun.reflect.DelegatingMethodAccessorImpl.invoke(DelegatingMethodAccessorImpl.java:43)&#13;
	at java.lang.reflect.Method.invoke(Method.java:606)&#13;
	at junit.framework.TestCase.runTest(TestCase.java:154)&#13;
	at junit.framework.TestCase.runBare(TestCase.java:127)&#13;
	at junit.framework.TestResult$1.protect(TestResult.java:106)&#13;
	at junit.framework.TestResult.runProtected(TestResult.java:124)&#13;
	at junit.framework.TestResult.run(TestResult.java:109)&#13;
	at junit.framework.TestCase.run(TestCase.java:118)&#13;
	at junit.framework.TestSuite.runTest(TestSuite.java:208)&#13;
	at junit.framework.TestSuite.run(TestSuite.java:203)&#13;
	at junit.framework.TestSuite.runTest(TestSuite.java:208)&#13;
	at junit.framework.TestSuite.run(TestSuite.java:203)&#13;
	at org.eclipse.jdt.internal.junit.runner.junit3.JUnit3TestReference.run(JUnit3TestReference.java:131)&#13;
	at org.eclipse.jdt.internal.junit.runner.TestExecution.run(TestExecution.java:38)&#13;
	at org.eclipse.jdt.internal.junit.runner.RemoteTestRunner.runTests(RemoteTestRunner.java:459)&#13;
	at org.eclipse.jdt.internal.junit.runner.RemoteTestRunner.runTests(RemoteTestRunner.java:675)&#13;
	at org.eclipse.jdt.internal.junit.runner.RemoteTestRunner.run(RemoteTestRunner.java:382)&#13;
	at org.eclipse.jdt.internal.junit.runner.RemoteTestRunner.main(RemoteTestRunner.java:192)&#13;
&#13;
</failure>
      </testcase>
      <testcase name="testEmailExtension" classname="org.apache.commons.validator.EmailTest" time="0.371"/>
      <testcase name="testEmailWithDash" classname="org.apache.commons.validator.EmailTest" time="0.346"/>
      <testcase name="testEmailWithDotEnd" classname="org.apache.commons.validator.EmailTest" time="0.35"/>
      <testcase name="testEmailWithSpaces" classname="org.apache.commons.validator.EmailTest" time="0.374"/>
      <testcase name="testEmailWithCommas" classname="org.apache.commons.validator.EmailTest" time="0.361"/>
      <testcase name="testEmail" classname="org.apache.commons.validator.EmailTest" time="0.372"/>
    </testsuite>
    <testsuite name="org.apache.commons.validator.EntityImportTest" time="0.364">
      <testcase name="testEntityImport" classname="org.apache.commons.validator.EntityImportTest" time="0.364"/>
    </testsuite>
    <testsuite name="org.apache.commons.validator.ExtensionTest" time="2.879">
      <testcase name="testRequiredFirstNameBlank" classname="org.apache.commons.validator.ExtensionTest" time="0.362"/>
      <testcase name="testRequiredLastNameBlank" classname="org.apache.commons.validator.ExtensionTest" time="0.362"/>
      <testcase name="testRequiredFirstName" classname="org.apache.commons.validator.ExtensionTest" time="0.361"/>
      <testcase name="testOverrideRule" classname="org.apache.commons.validator.ExtensionTest" time="0.347"/>
      <testcase name="testRequiredLastName" classname="org.apache.commons.validator.ExtensionTest" time="0.364"/>
      <testcase name="testRequiredName" classname="org.apache.commons.validator.ExtensionTest" time="0.368"/>
      <testcase name="testRequired" classname="org.apache.commons.validator.ExtensionTest" time="0.368"/>
      <testcase name="testOrder" classname="org.apache.commons.validator.ExtensionTest" time="0.347"/>
    </testsuite>
    <testsuite name="org.apache.commons.validator.util.FlagsTest" time="0.001">
      <testcase name="testHashCode" classname="org.apache.commons.validator.util.FlagsTest" time="0.0"/>
      <testcase name="testGetFlags" classname="org.apache.commons.validator.util.FlagsTest" time="0.0"/>
      <testcase name="testTurnOnOff" classname="org.apache.commons.validator.util.FlagsTest" time="0.0"/>
      <testcase name="testClear" classname="org.apache.commons.validator.util.FlagsTest" time="0.0"/>
      <testcase name="testTurnOnAll" classname="org.apache.commons.validator.util.FlagsTest" time="0.0"/>
      <testcase name="testTurnOff" classname="org.apache.commons.validator.util.FlagsTest" time="0.001"/>
      <testcase name="testIsOnOff" classname="org.apache.commons.validator.util.FlagsTest" time="0.0"/>
      <testcase name="testClone" classname="org.apache.commons.validator.util.FlagsTest" time="0.0"/>
      <testcase name="testToString" classname="org.apache.commons.validator.util.FlagsTest" time="0.0"/>
      <testcase name="testTurnOffAll" classname="org.apache.commons.validator.util.FlagsTest" time="0.0"/>
      <testcase name="testEqualsObject" classname="org.apache.commons.validator.util.FlagsTest" time="0.0"/>
    </testsuite>
    <testsuite name="org.apache.commons.validator.FieldTest" time="0.001">
      <testcase name="testDefaultSomePositions" classname="org.apache.commons.validator.FieldTest" time="0.0"/>
      <testcase name="testDefaultPositionImplied" classname="org.apache.commons.validator.FieldTest" time="0.0"/>
      <testcase name="testDefaultUsingPositions" classname="org.apache.commons.validator.FieldTest" time="0.001"/>
      <testcase name="testDefaultOnePosition" classname="org.apache.commons.validator.FieldTest" time="0.0"/>
      <testcase name="testEmptyArgs" classname="org.apache.commons.validator.FieldTest" time="0.0"/>
      <testcase name="testOverrideUsingPositionB" classname="org.apache.commons.validator.FieldTest" time="0.0"/>
      <testcase name="testOverrideSomePosition" classname="org.apache.commons.validator.FieldTest" time="0.0"/>
      <testcase name="testOverridePositionImplied" classname="org.apache.commons.validator.FieldTest" time="0.0"/>
      <testcase name="testOverrideUsingPositionA" classname="org.apache.commons.validator.FieldTest" time="0.0"/>
    </testsuite>
    <testsuite name="org.apache.commons.validator.FloatTest" time="2.182">
      <testcase name="testFloatFailure" classname="org.apache.commons.validator.FloatTest" time="0.368"/>
      <testcase name="testFloatMin" classname="org.apache.commons.validator.FloatTest" time="0.366"/>
      <testcase name="testFloatMax" classname="org.apache.commons.validator.FloatTest" time="0.359"/>
      <testcase name="testFloat" classname="org.apache.commons.validator.FloatTest" time="0.371"/>
      <testcase name="testNumberFailure" classname="org.apache.commons.validator.FloatTest" time="0.371"/>
      <testcase name="testNumber" classname="org.apache.commons.validator.FloatTest" time="0.347"/>
    </testsuite>
    <testsuite name="org.apache.commons.validator.GenericValidatorTest" time="0.0">
      <testcase name="testMinLength" classname="org.apache.commons.validator.GenericValidatorTest" time="0.0"/>
      <testcase name="testMaxLength" classname="org.apache.commons.validator.GenericValidatorTest" time="0.0"/>
    </testsuite>
    <testsuite name="org.apache.commons.validator.IntegerTest" time="2.85">
      <testcase name="testIntegerMax" classname="org.apache.commons.validator.IntegerTest" time="0.363"/>
      <testcase name="testIntBeyondMax" classname="org.apache.commons.validator.IntegerTest" time="0.345"/>
      <testcase name="testIntBeyondMin" classname="org.apache.commons.validator.IntegerTest" time="0.371"/>
      <testcase name="testIntFailure" classname="org.apache.commons.validator.IntegerTest" time="0.346"/>
      <testcase name="testInt" classname="org.apache.commons.validator.IntegerTest" time="0.352"/>
      <testcase name="testIntMin" classname="org.apache.commons.validator.IntegerTest" time="0.355"/>
      <testcase name="testNumberFailure" classname="org.apache.commons.validator.IntegerTest" time="0.363"/>
      <testcase name="testNumber" classname="org.apache.commons.validator.IntegerTest" time="0.355"/>
    </testsuite>
    <testsuite name="org.apache.commons.validator.ISBNValidatorTest" time="0.0">
      <testcase name="testIsValid" classname="org.apache.commons.validator.ISBNValidatorTest" time="0.0"/>
    </testsuite>
    <testsuite name="org.apache.commons.validator.LocaleTest" time="1.824">
      <testcase name="testLocale3" classname="org.apache.commons.validator.LocaleTest" time="0.381"/>
      <testcase name="testLocale1" classname="org.apache.commons.validator.LocaleTest" time="0.362"/>
      <testcase name="testLocale4" classname="org.apache.commons.validator.LocaleTest" time="0.363"/>
      <testcase name="testLocale5" classname="org.apache.commons.validator.LocaleTest" time="0.373"/>
      <testcase name="testLocale2" classname="org.apache.commons.validator.LocaleTest" time="0.345"/>
    </testsuite>
    <testsuite name="org.apache.commons.validator.LongTest" time="2.946">
      <testcase name="testLongFailure" classname="org.apache.commons.validator.LongTest" time="0.363"/>
      <testcase name="testLongBeyondMax" classname="org.apache.commons.validator.LongTest" time="0.372"/>
      <testcase name="testLongBeyondMin" classname="org.apache.commons.validator.LongTest" time="0.373"/>
      <testcase name="testLongMin" classname="org.apache.commons.validator.LongTest" time="0.37"/>
      <testcase name="testLongMax" classname="org.apache.commons.validator.LongTest" time="0.37"/>
      <testcase name="testLong" classname="org.apache.commons.validator.LongTest" time="0.352"/>
      <testcase name="testNumberFailure" classname="org.apache.commons.validator.LongTest" time="0.372"/>
      <testcase name="testNumber" classname="org.apache.commons.validator.LongTest" time="0.373"/>
    </testsuite>
    <testsuite name="org.apache.commons.validator.MultipleConfigFilesTest" time="3.538">
      <testcase name="testRequiredLastNameShort" classname="org.apache.commons.validator.MultipleConfigFilesTest" time="0.719"/>
      <testcase name="testRequiredLastNameLong" classname="org.apache.commons.validator.MultipleConfigFilesTest" time="0.703"/>
      <testcase name="testRequiredFirstNameBlankLastNameShort" classname="org.apache.commons.validator.MultipleConfigFilesTest" time="0.693"/>
      <testcase name="testBothBlank" classname="org.apache.commons.validator.MultipleConfigFilesTest" time="0.714"/>
      <testcase name="testMergedConfig" classname="org.apache.commons.validator.MultipleConfigFilesTest" time="0.708"/>
    </testsuite>
    <testsuite name="org.apache.commons.validator.MultipleTests" time="2.867">
      <testcase name="testFailingFirstDependentValidator" classname="org.apache.commons.validator.MultipleTests" time="0.352"/>
      <testcase name="testFailingNextDependentValidator" classname="org.apache.commons.validator.MultipleTests" time="0.353"/>
      <testcase name="testPassingDependentsPassingMain" classname="org.apache.commons.validator.MultipleTests" time="0.347"/>
      <testcase name="testPassingDependentsFailingMain" classname="org.apache.commons.validator.MultipleTests" time="0.35"/>
      <testcase name="testRequiredLastNameShort" classname="org.apache.commons.validator.MultipleTests" time="0.364"/>
      <testcase name="testRequiredLastNameLong" classname="org.apache.commons.validator.MultipleTests" time="0.368"/>
      <testcase name="testRequiredFirstNameBlankLastNameShort" classname="org.apache.commons.validator.MultipleTests" time="0.378"/>
      <testcase name="testBothBlank" classname="org.apache.commons.validator.MultipleTests" time="0.355"/>
    </testsuite>
    <testsuite name="org.apache.commons.validator.ParameterTest" time="0.376">
      <testcase name="testAllValid" classname="org.apache.commons.validator.ParameterTest" time="0.376">
        <failure>junit.framework.AssertionFailedError: Validator.validate() threw org.apache.commons.validator.ValidatorException: argument type mismatch&#13;
	at junit.framework.Assert.fail(Assert.java:47)&#13;
	at org.apache.commons.validator.ParameterTest.testAllValid(ParameterTest.java:113)&#13;
	at sun.reflect.NativeMethodAccessorImpl.invoke0(Native Method)&#13;
	at sun.reflect.NativeMethodAccessorImpl.invoke(NativeMethodAccessorImpl.java:57)&#13;
	at sun.reflect.DelegatingMethodAccessorImpl.invoke(DelegatingMethodAccessorImpl.java:43)&#13;
	at java.lang.reflect.Method.invoke(Method.java:606)&#13;
	at junit.framework.TestCase.runTest(TestCase.java:154)&#13;
	at junit.framework.TestCase.runBare(TestCase.java:127)&#13;
	at junit.framework.TestResult$1.protect(TestResult.java:106)&#13;
	at junit.framework.TestResult.runProtected(TestResult.java:124)&#13;
	at junit.framework.TestResult.run(TestResult.java:109)&#13;
	at junit.framework.TestCase.run(TestCase.java:118)&#13;
	at junit.framework.TestSuite.runTest(TestSuite.java:208)&#13;
	at junit.framework.TestSuite.run(TestSuite.java:203)&#13;
	at junit.framework.TestSuite.runTest(TestSuite.java:208)&#13;
	at junit.framework.TestSuite.run(TestSuite.java:203)&#13;
	at org.eclipse.jdt.internal.junit.runner.junit3.JUnit3TestReference.run(JUnit3TestReference.java:131)&#13;
	at org.eclipse.jdt.internal.junit.runner.TestExecution.run(TestExecution.java:38)&#13;
	at org.eclipse.jdt.internal.junit.runner.RemoteTestRunner.runTests(RemoteTestRunner.java:459)&#13;
	at org.eclipse.jdt.internal.junit.runner.RemoteTestRunner.runTests(RemoteTestRunner.java:675)&#13;
	at org.eclipse.jdt.internal.junit.runner.RemoteTestRunner.run(RemoteTestRunner.java:382)&#13;
	at org.eclipse.jdt.internal.junit.runner.RemoteTestRunner.main(RemoteTestRunner.java:192)&#13;
&#13;
</failure>
      </testcase>
    </testsuite>
    <testsuite name="org.apache.commons.validator.RequiredIfTest" time="1.807">
      <testcase name="testRequiredFirstNameBlank" classname="org.apache.commons.validator.RequiredIfTest" time="0.359"/>
      <testcase name="testRequiredLastNameBlank" classname="org.apache.commons.validator.RequiredIfTest" time="0.374"/>
      <testcase name="testRequiredFirstName" classname="org.apache.commons.validator.RequiredIfTest" time="0.37"/>
      <testcase name="testRequiredLastName" classname="org.apache.commons.validator.RequiredIfTest" time="0.351"/>
      <testcase name="testRequired" classname="org.apache.commons.validator.RequiredIfTest" time="0.353"/>
    </testsuite>
    <testsuite name="org.apache.commons.validator.RequiredNameTest" time="2.157">
      <testcase name="testRequiredFirstNameBlank" classname="org.apache.commons.validator.RequiredNameTest" time="0.355"/>
      <testcase name="testRequiredLastNameBlank" classname="org.apache.commons.validator.RequiredNameTest" time="0.352"/>
      <testcase name="testRequiredFirstName" classname="org.apache.commons.validator.RequiredNameTest" time="0.363"/>
      <testcase name="testRequiredLastName" classname="org.apache.commons.validator.RequiredNameTest" time="0.354"/>
      <testcase name="testRequiredName" classname="org.apache.commons.validator.RequiredNameTest" time="0.369"/>
      <testcase name="testRequired" classname="org.apache.commons.validator.RequiredNameTest" time="0.363"/>
    </testsuite>
    <testsuite name="org.apache.commons.validator.RetrieveFormTest" time="1.817">
      <testcase name="testLanguageForm" classname="org.apache.commons.validator.RetrieveFormTest" time="0.369"/>
      <testcase name="testDefaultForm" classname="org.apache.commons.validator.RetrieveFormTest" time="0.363"/>
      <testcase name="testFormNotFound" classname="org.apache.commons.validator.RetrieveFormTest" time="0.354"/>
      <testcase name="testLanguageCountryForm" classname="org.apache.commons.validator.RetrieveFormTest" time="0.368"/>
      <testcase name="testLanguageCountryVariantForm" classname="org.apache.commons.validator.RetrieveFormTest" time="0.363"/>
    </testsuite>
    <testsuite name="org.apache.commons.validator.ShortTest" time="2.133">
      <testcase name="testShortBeyondMin" classname="org.apache.commons.validator.ShortTest" time="0.345"/>
      <testcase name="testShortMin" classname="org.apache.commons.validator.ShortTest" time="0.348"/>
      <testcase name="testShortMax" classname="org.apache.commons.validator.ShortTest" time="0.353"/>
      <testcase name="testShortBeyondMax" classname="org.apache.commons.validator.ShortTest" time="0.354"/>
      <testcase name="testNumberFailure" classname="org.apache.commons.validator.ShortTest" time="0.383"/>
      <testcase name="testNumber" classname="org.apache.commons.validator.ShortTest" time="0.35"/>
    </testsuite>
    <testsuite name="org.apache.commons.validator.TypeTest" time="1.081">
      <testcase name="testFRLocale" classname="org.apache.commons.validator.TypeTest" time="0.376"/>
      <testcase name="testUSLocale" classname="org.apache.commons.validator.TypeTest" time="0.347"/>
      <testcase name="testType" classname="org.apache.commons.validator.TypeTest" time="0.357"/>
    </testsuite>
    <testsuite name="org.apache.commons.validator.UrlTest" time="3.762">
      <testcase name="testIsValid" classname="org.apache.commons.validator.UrlTest" time="3.761"/>
      <testcase name="testValidator204" classname="org.apache.commons.validator.UrlTest" time="0.001">
        <failure>junit.framework.AssertionFailedError&#13;
	at junit.framework.Assert.fail(Assert.java:47)&#13;
	at junit.framework.Assert.assertTrue(Assert.java:20)&#13;
	at junit.framework.Assert.assertTrue(Assert.java:27)&#13;
	at org.apache.commons.validator.UrlTest.testValidator204(UrlTest.java:144)&#13;
	at sun.reflect.NativeMethodAccessorImpl.invoke0(Native Method)&#13;
	at sun.reflect.NativeMethodAccessorImpl.invoke(NativeMethodAccessorImpl.java:57)&#13;
	at sun.reflect.DelegatingMethodAccessorImpl.invoke(DelegatingMethodAccessorImpl.java:43)&#13;
	at java.lang.reflect.Method.invoke(Method.java:606)&#13;
	at junit.framework.TestCase.runTest(TestCase.java:154)&#13;
	at junit.framework.TestCase.runBare(TestCase.java:127)&#13;
	at junit.framework.TestResult$1.protect(TestResult.java:106)&#13;
	at junit.framework.TestResult.runProtected(TestResult.java:124)&#13;
	at junit.framework.TestResult.run(TestResult.java:109)&#13;
	at junit.framework.TestCase.run(TestCase.java:118)&#13;
	at junit.framework.TestSuite.runTest(TestSuite.java:208)&#13;
	at junit.framework.TestSuite.run(TestSuite.java:203)&#13;
	at junit.framework.TestSuite.runTest(TestSuite.java:208)&#13;
	at junit.framework.TestSuite.run(TestSuite.java:203)&#13;
	at org.eclipse.jdt.internal.junit.runner.junit3.JUnit3TestReference.run(JUnit3TestReference.java:131)&#13;
	at org.eclipse.jdt.internal.junit.runner.TestExecution.run(TestExecution.java:38)&#13;
	at org.eclipse.jdt.internal.junit.runner.RemoteTestRunner.runTests(RemoteTestRunner.java:459)&#13;
	at org.eclipse.jdt.internal.junit.runner.RemoteTestRunner.runTests(RemoteTestRunner.java:675)&#13;
	at org.eclipse.jdt.internal.junit.runner.RemoteTestRunner.run(RemoteTestRunner.java:382)&#13;
	at org.eclipse.jdt.internal.junit.runner.RemoteTestRunner.main(RemoteTestRunner.java:192)&#13;
&#13;
</failure>
      </testcase>
      <testcase name="testIsValidScheme" classname="org.apache.commons.validator.UrlTest" time="0.0"/>
      <testcase name="testValidator202" classname="org.apache.commons.validator.UrlTest" time="0.0">
        <error>java.lang.ArrayIndexOutOfBoundsException: 10&#13;
	at org.apache.commons.validator.UrlValidator.isValidAuthority(UrlValidator.java:367)&#13;
	at org.apache.commons.validator.UrlValidator.isValid(UrlValidator.java:262)&#13;
	at org.apache.commons.validator.UrlTest.testValidator202(UrlTest.java:138)&#13;
	at sun.reflect.NativeMethodAccessorImpl.invoke0(Native Method)&#13;
	at sun.reflect.NativeMethodAccessorImpl.invoke(NativeMethodAccessorImpl.java:57)&#13;
	at sun.reflect.DelegatingMethodAccessorImpl.invoke(DelegatingMethodAccessorImpl.java:43)&#13;
	at java.lang.reflect.Method.invoke(Method.java:606)&#13;
	at junit.framework.TestCase.runTest(TestCase.java:154)&#13;
	at junit.framework.TestCase.runBare(TestCase.java:127)&#13;
	at junit.framework.TestResult$1.protect(TestResult.java:106)&#13;
	at junit.framework.TestResult.runProtected(TestResult.java:124)&#13;
	at junit.framework.TestResult.run(TestResult.java:109)&#13;
	at junit.framework.TestCase.run(TestCase.java:118)&#13;
	at junit.framework.TestSuite.runTest(TestSuite.java:208)&#13;
	at junit.framework.TestSuite.run(TestSuite.java:203)&#13;
	at junit.framework.TestSuite.runTest(TestSuite.java:208)&#13;
	at junit.framework.TestSuite.run(TestSuite.java:203)&#13;
	at org.eclipse.jdt.internal.junit.runner.junit3.JUnit3TestReference.run(JUnit3TestReference.java:131)&#13;
	at org.eclipse.jdt.internal.junit.runner.TestExecution.run(TestExecution.java:38)&#13;
	at org.eclipse.jdt.internal.junit.runner.RemoteTestRunner.runTests(RemoteTestRunner.java:459)&#13;
	at org.eclipse.jdt.internal.junit.runner.RemoteTestRunner.runTests(RemoteTestRunner.java:675)&#13;
	at org.eclipse.jdt.internal.junit.runner.RemoteTestRunner.run(RemoteTestRunner.java:382)&#13;
	at org.eclipse.jdt.internal.junit.runner.RemoteTestRunner.main(RemoteTestRunner.java:192)&#13;
&#13;
</error>
      </testcase>
      <testcase name="testValidateUrl" classname="org.apache.commons.validator.UrlTest" time="0.0"/>
    </testsuite>
    <testsuite name="org.apache.commons.validator.ValidatorResultsTest" time="0.84">
      <testcase name="testAllValid" classname="org.apache.commons.validator.ValidatorResultsTest" time="0.477"/>
      <testcase name="testErrors" classname="org.apache.commons.validator.ValidatorResultsTest" time="0.363"/>
    </testsuite>
    <testsuite name="org.apache.commons.validator.ValidatorTest" time="0.003">
      <testcase name="testOnlyValidateField" classname="org.apache.commons.validator.ValidatorTest" time="0.0"/>
      <testcase name="testManualBoolean" classname="org.apache.commons.validator.ValidatorTest" time="0.001"/>
      <testcase name="testManualObject" classname="org.apache.commons.validator.ValidatorTest" time="0.001"/>
      <testcase name="testOnlyReturnErrors" classname="org.apache.commons.validator.ValidatorTest" time="0.001"/>
    </testsuite>
    <testsuite name="org.apache.commons.validator.VarTest" time="0.348">
      <testcase name="testVars" classname="org.apache.commons.validator.VarTest" time="0.348"/>
    </testsuite>
  </testsuite>
  <testsuite name="org.apache.commons.validator.routines.FloatValidatorTest" time="0.004">
    <testcase name="testFloatSmallestValues" classname="org.apache.commons.validator.routines.FloatValidatorTest" time="0.001"/>
    <testcase name="testFloatValidatorMethods" classname="org.apache.commons.validator.routines.FloatValidatorTest" time="0.001"/>
    <testcase name="testFloatRangeMinMax" classname="org.apache.commons.validator.routines.FloatValidatorTest" time="0.0"/>
    <testcase name="testFormatType" classname="org.apache.commons.validator.routines.FloatValidatorTest" time="0.0"/>
    <testcase name="testFormat" classname="org.apache.commons.validator.routines.FloatValidatorTest" time="0.0"/>
    <testcase name="testValidateMinMax" classname="org.apache.commons.validator.routines.FloatValidatorTest" time="0.001"/>
    <testcase name="testInvalidStrict" classname="org.apache.commons.validator.routines.FloatValidatorTest" time="0.0"/>
    <testcase name="testInvalidNotStrict" classname="org.apache.commons.validator.routines.FloatValidatorTest" time="0.0"/>
    <testcase name="testValidStrict" classname="org.apache.commons.validator.routines.FloatValidatorTest" time="0.001"/>
    <testcase name="testValidateLocale" classname="org.apache.commons.validator.routines.FloatValidatorTest" time="0.0"/>
    <testcase name="testValidNotStrict" classname="org.apache.commons.validator.routines.FloatValidatorTest" time="0.0"/>
    <testcase name="testRangeMinMax" classname="org.apache.commons.validator.routines.FloatValidatorTest" time="0.0"/>
  </testsuite>
  <testsuite name="org.apache.commons.validator.routines.LongValidatorTest" time="0.003">
    <testcase name="testLongValidatorMethods" classname="org.apache.commons.validator.routines.LongValidatorTest" time="0.001"/>
    <testcase name="testLongRangeMinMax" classname="org.apache.commons.validator.routines.LongValidatorTest" time="0.0"/>
    <testcase name="testFormatType" classname="org.apache.commons.validator.routines.LongValidatorTest" time="0.0"/>
    <testcase name="testFormat" classname="org.apache.commons.validator.routines.LongValidatorTest" time="0.0"/>
    <testcase name="testValidateMinMax" classname="org.apache.commons.validator.routines.LongValidatorTest" time="0.0"/>
    <testcase name="testInvalidStrict" classname="org.apache.commons.validator.routines.LongValidatorTest" time="0.001"/>
    <testcase name="testInvalidNotStrict" classname="org.apache.commons.validator.routines.LongValidatorTest" time="0.0"/>
    <testcase name="testValidStrict" classname="org.apache.commons.validator.routines.LongValidatorTest" time="0.0"/>
    <testcase name="testValidateLocale" classname="org.apache.commons.validator.routines.LongValidatorTest" time="0.0"/>
    <testcase name="testValidNotStrict" classname="org.apache.commons.validator.routines.LongValidatorTest" time="0.001"/>
    <testcase name="testRangeMinMax" classname="org.apache.commons.validator.routines.LongValidatorTest" time="0.0"/>
  </testsuite>
  <testsuite name="org.apache.commons.validator.routines.ShortValidatorTest" time="0.002">
    <testcase name="testShortValidatorMethods" classname="org.apache.commons.validator.routines.ShortValidatorTest" time="0.0"/>
    <testcase name="testShortRangeMinMax" classname="org.apache.commons.validator.routines.ShortValidatorTest" time="0.0"/>
    <testcase name="testFormatType" classname="org.apache.commons.validator.routines.ShortValidatorTest" time="0.001"/>
    <testcase name="testFormat" classname="org.apache.commons.validator.routines.ShortValidatorTest" time="0.0"/>
    <testcase name="testValidateMinMax" classname="org.apache.commons.validator.routines.ShortValidatorTest" time="0.0"/>
    <testcase name="testInvalidStrict" classname="org.apache.commons.validator.routines.ShortValidatorTest" time="0.0"/>
    <testcase name="testInvalidNotStrict" classname="org.apache.commons.validator.routines.ShortValidatorTest" time="0.0"/>
    <testcase name="testValidStrict" classname="org.apache.commons.validator.routines.ShortValidatorTest" time="0.001"/>
    <testcase name="testValidateLocale" classname="org.apache.commons.validator.routines.ShortValidatorTest" time="0.0"/>
    <testcase name="testValidNotStrict" classname="org.apache.commons.validator.routines.ShortValidatorTest" time="0.0"/>
    <testcase name="testRangeMinMax" classname="org.apache.commons.validator.routines.ShortValidatorTest" time="0.0"/>
  </testsuite>
  <testsuite name="junit.framework.TestSuite" time="0.044">
    <testsuite name="org.apache.commons.validator.routines.BigDecimalValidatorTest" time="0.004">
      <testcase name="testBigDecimalRangeMinMax" classname="org.apache.commons.validator.routines.BigDecimalValidatorTest" time="0.001"/>
      <testcase name="testBigDecimalValidatorMethods" classname="org.apache.commons.validator.routines.BigDecimalValidatorTest" time="0.0"/>
      <testcase name="testFormatType" classname="org.apache.commons.validator.routines.BigDecimalValidatorTest" time="0.0"/>
      <testcase name="testFormat" classname="org.apache.commons.validator.routines.BigDecimalValidatorTest" time="0.0"/>
      <testcase name="testValidateMinMax" classname="org.apache.commons.validator.routines.BigDecimalValidatorTest" time="0.0"/>
      <testcase name="testInvalidStrict" classname="org.apache.commons.validator.routines.BigDecimalValidatorTest" time="0.001"/>
      <testcase name="testInvalidNotStrict" classname="org.apache.commons.validator.routines.BigDecimalValidatorTest" time="0.0"/>
      <testcase name="testValidStrict" classname="org.apache.commons.validator.routines.BigDecimalValidatorTest" time="0.0"/>
      <testcase name="testValidateLocale" classname="org.apache.commons.validator.routines.BigDecimalValidatorTest" time="0.0"/>
      <testcase name="testValidNotStrict" classname="org.apache.commons.validator.routines.BigDecimalValidatorTest" time="0.0"/>
      <testcase name="testRangeMinMax" classname="org.apache.commons.validator.routines.BigDecimalValidatorTest" time="0.001"/>
    </testsuite>
    <testsuite name="org.apache.commons.validator.routines.BigIntegerValidatorTest" time="0.002">
      <testcase name="testBigIntegerRangeMinMax" classname="org.apache.commons.validator.routines.BigIntegerValidatorTest" time="0.0"/>
      <testcase name="testBigIntegerValidatorMethods" classname="org.apache.commons.validator.routines.BigIntegerValidatorTest" time="0.0"/>
      <testcase name="testFormatType" classname="org.apache.commons.validator.routines.BigIntegerValidatorTest" time="0.0"/>
      <testcase name="testFormat" classname="org.apache.commons.validator.routines.BigIntegerValidatorTest" time="0.0"/>
      <testcase name="testValidateMinMax" classname="org.apache.commons.validator.routines.BigIntegerValidatorTest" time="0.001"/>
      <testcase name="testInvalidStrict" classname="org.apache.commons.validator.routines.BigIntegerValidatorTest" time="0.0"/>
      <testcase name="testInvalidNotStrict" classname="org.apache.commons.validator.routines.BigIntegerValidatorTest" time="0.0"/>
      <testcase name="testValidStrict" classname="org.apache.commons.validator.routines.BigIntegerValidatorTest" time="0.0"/>
      <testcase name="testValidateLocale" classname="org.apache.commons.validator.routines.BigIntegerValidatorTest" time="0.001"/>
      <testcase name="testValidNotStrict" classname="org.apache.commons.validator.routines.BigIntegerValidatorTest" time="0.0"/>
      <testcase name="testRangeMinMax" classname="org.apache.commons.validator.routines.BigIntegerValidatorTest" time="0.0"/>
    </testsuite>
    <testsuite name="org.apache.commons.validator.routines.ByteValidatorTest" time="0.002">
      <testcase name="testByteValidatorMethods" classname="org.apache.commons.validator.routines.ByteValidatorTest" time="0.0"/>
      <testcase name="testByteRangeMinMax" classname="org.apache.commons.validator.routines.ByteValidatorTest" time="0.001"/>
      <testcase name="testFormatType" classname="org.apache.commons.validator.routines.ByteValidatorTest" time="0.0"/>
      <testcase name="testFormat" classname="org.apache.commons.validator.routines.ByteValidatorTest" time="0.0"/>
      <testcase name="testValidateMinMax" classname="org.apache.commons.validator.routines.ByteValidatorTest" time="0.0"/>
      <testcase name="testInvalidStrict" classname="org.apache.commons.validator.routines.ByteValidatorTest" time="0.0"/>
      <testcase name="testInvalidNotStrict" classname="org.apache.commons.validator.routines.ByteValidatorTest" time="0.0"/>
      <testcase name="testValidStrict" classname="org.apache.commons.validator.routines.ByteValidatorTest" time="0.0"/>
      <testcase name="testValidateLocale" classname="org.apache.commons.validator.routines.ByteValidatorTest" time="0.0"/>
      <testcase name="testValidNotStrict" classname="org.apache.commons.validator.routines.ByteValidatorTest" time="0.0"/>
      <testcase name="testRangeMinMax" classname="org.apache.commons.validator.routines.ByteValidatorTest" time="0.0"/>
    </testsuite>
    <testsuite name="org.apache.commons.validator.routines.CalendarValidatorTest" time="0.007">
      <testcase name="testCompare" classname="org.apache.commons.validator.routines.CalendarValidatorTest" time="0.001"/>
      <testcase name="testFormat" classname="org.apache.commons.validator.routines.CalendarValidatorTest" time="0.0"/>
      <testcase name="testCalendarValidatorMethods" classname="org.apache.commons.validator.routines.CalendarValidatorTest" time="0.001"/>
      <testcase name="testAdjustToTimeZone" classname="org.apache.commons.validator.routines.CalendarValidatorTest" time="0.0"/>
      <testcase name="testDateTimeStyle" classname="org.apache.commons.validator.routines.CalendarValidatorTest" time="0.001"/>
      <testcase name="testLocaleInvalid" classname="org.apache.commons.validator.routines.CalendarValidatorTest" time="0.001"/>
      <testcase name="testLocaleValid" classname="org.apache.commons.validator.routines.CalendarValidatorTest" time="0.001"/>
      <testcase name="testPatternInvalid" classname="org.apache.commons.validator.routines.CalendarValidatorTest" time="0.001"/>
      <testcase name="testPatternValid" classname="org.apache.commons.validator.routines.CalendarValidatorTest" time="0.001"/>
    </testsuite>
    <testsuite name="org.apache.commons.validator.routines.CurrencyValidatorTest" time="0.002">
      <testcase name="testFormatType" classname="org.apache.commons.validator.routines.CurrencyValidatorTest" time="0.001"/>
      <testcase name="testIntegerValid" classname="org.apache.commons.validator.routines.CurrencyValidatorTest" time="0.0"/>
      <testcase name="testIntegerInvalid" classname="org.apache.commons.validator.routines.CurrencyValidatorTest" time="0.0"/>
      <testcase name="testPattern" classname="org.apache.commons.validator.routines.CurrencyValidatorTest" time="0.001"/>
      <testcase name="testValid" classname="org.apache.commons.validator.routines.CurrencyValidatorTest" time="0.0"/>
      <testcase name="testInvalid" classname="org.apache.commons.validator.routines.CurrencyValidatorTest" time="0.0"/>
    </testsuite>
    <testsuite name="org.apache.commons.validator.routines.DateValidatorTest" time="0.008">
      <testcase name="testCompare" classname="org.apache.commons.validator.routines.DateValidatorTest" time="0.001"/>
      <testcase name="testDateValidatorMethods" classname="org.apache.commons.validator.routines.DateValidatorTest" time="0.002"/>
      <testcase name="testLocaleInvalid" classname="org.apache.commons.validator.routines.DateValidatorTest" time="0.001"/>
      <testcase name="testLocaleValid" classname="org.apache.commons.validator.routines.DateValidatorTest" time="0.001"/>
      <testcase name="testPatternInvalid" classname="org.apache.commons.validator.routines.DateValidatorTest" time="0.001"/>
      <testcase name="testPatternValid" classname="org.apache.commons.validator.routines.DateValidatorTest" time="0.001"/>
      <testcase name="testFormat" classname="org.apache.commons.validator.routines.DateValidatorTest" time="0.001"/>
    </testsuite>
    <testsuite name="org.apache.commons.validator.routines.DoubleValidatorTest" time="0.002">
      <testcase name="testDoubleValidatorMethods" classname="org.apache.commons.validator.routines.DoubleValidatorTest" time="0.0"/>
      <testcase name="testDoubleRangeMinMax" classname="org.apache.commons.validator.routines.DoubleValidatorTest" time="0.0"/>
      <testcase name="testFormatType" classname="org.apache.commons.validator.routines.DoubleValidatorTest" time="0.0"/>
      <testcase name="testFormat" classname="org.apache.commons.validator.routines.DoubleValidatorTest" time="0.0"/>
      <testcase name="testValidateMinMax" classname="org.apache.commons.validator.routines.DoubleValidatorTest" time="0.0"/>
      <testcase name="testInvalidStrict" classname="org.apache.commons.validator.routines.DoubleValidatorTest" time="0.001"/>
      <testcase name="testInvalidNotStrict" classname="org.apache.commons.validator.routines.DoubleValidatorTest" time="0.0"/>
      <testcase name="testValidStrict" classname="org.apache.commons.validator.routines.DoubleValidatorTest" time="0.0"/>
      <testcase name="testValidateLocale" classname="org.apache.commons.validator.routines.DoubleValidatorTest" time="0.0"/>
      <testcase name="testValidNotStrict" classname="org.apache.commons.validator.routines.DoubleValidatorTest" time="0.001"/>
      <testcase name="testRangeMinMax" classname="org.apache.commons.validator.routines.DoubleValidatorTest" time="0.0"/>
    </testsuite>
    <testsuite name="org.apache.commons.validator.routines.FloatValidatorTest" time="0.003">
      <testcase name="testFloatSmallestValues" classname="org.apache.commons.validator.routines.FloatValidatorTest" time="0.0"/>
      <testcase name="testFloatValidatorMethods" classname="org.apache.commons.validator.routines.FloatValidatorTest" time="0.001"/>
      <testcase name="testFloatRangeMinMax" classname="org.apache.commons.validator.routines.FloatValidatorTest" time="0.0"/>
      <testcase name="testFormatType" classname="org.apache.commons.validator.routines.FloatValidatorTest" time="0.0"/>
      <testcase name="testFormat" classname="org.apache.commons.validator.routines.FloatValidatorTest" time="0.0"/>
      <testcase name="testValidateMinMax" classname="org.apache.commons.validator.routines.FloatValidatorTest" time="0.001"/>
      <testcase name="testInvalidStrict" classname="org.apache.commons.validator.routines.FloatValidatorTest" time="0.0"/>
      <testcase name="testInvalidNotStrict" classname="org.apache.commons.validator.routines.FloatValidatorTest" time="0.0"/>
      <testcase name="testValidStrict" classname="org.apache.commons.validator.routines.FloatValidatorTest" time="0.0"/>
      <testcase name="testValidateLocale" classname="org.apache.commons.validator.routines.FloatValidatorTest" time="0.0"/>
      <testcase name="testValidNotStrict" classname="org.apache.commons.validator.routines.FloatValidatorTest" time="0.001"/>
      <testcase name="testRangeMinMax" classname="org.apache.commons.validator.routines.FloatValidatorTest" time="0.0"/>
    </testsuite>
    <testsuite name="org.apache.commons.validator.routines.IntegerValidatorTest" time="0.004">
      <testcase name="testIntegerRangeMinMax" classname="org.apache.commons.validator.routines.IntegerValidatorTest" time="0.0"/>
      <testcase name="testIntegerValidatorMethods" classname="org.apache.commons.validator.routines.IntegerValidatorTest" time="0.001"/>
      <testcase name="testFormatType" classname="org.apache.commons.validator.routines.IntegerValidatorTest" time="0.0"/>
      <testcase name="testFormat" classname="org.apache.commons.validator.routines.IntegerValidatorTest" time="0.0"/>
      <testcase name="testValidateMinMax" classname="org.apache.commons.validator.routines.IntegerValidatorTest" time="0.0"/>
      <testcase name="testInvalidStrict" classname="org.apache.commons.validator.routines.IntegerValidatorTest" time="0.001"/>
      <testcase name="testInvalidNotStrict" classname="org.apache.commons.validator.routines.IntegerValidatorTest" time="0.001"/>
      <testcase name="testValidStrict" classname="org.apache.commons.validator.routines.IntegerValidatorTest" time="0.001"/>
      <testcase name="testValidateLocale" classname="org.apache.commons.validator.routines.IntegerValidatorTest" time="0.0"/>
      <testcase name="testValidNotStrict" classname="org.apache.commons.validator.routines.IntegerValidatorTest" time="0.0"/>
      <testcase name="testRangeMinMax" classname="org.apache.commons.validator.routines.IntegerValidatorTest" time="0.0"/>
    </testsuite>
    <testsuite name="org.apache.commons.validator.routines.LongValidatorTest" time="0.002">
      <testcase name="testLongValidatorMethods" classname="org.apache.commons.validator.routines.LongValidatorTest" time="0.001"/>
      <testcase name="testLongRangeMinMax" classname="org.apache.commons.validator.routines.LongValidatorTest" time="0.0"/>
      <testcase name="testFormatType" classname="org.apache.commons.validator.routines.LongValidatorTest" time="0.0"/>
      <testcase name="testFormat" classname="org.apache.commons.validator.routines.LongValidatorTest" time="0.0"/>
      <testcase name="testValidateMinMax" classname="org.apache.commons.validator.routines.LongValidatorTest" time="0.0"/>
      <testcase name="testInvalidStrict" classname="org.apache.commons.validator.routines.LongValidatorTest" time="0.0"/>
      <testcase name="testInvalidNotStrict" classname="org.apache.commons.validator.routines.LongValidatorTest" time="0.001"/>
      <testcase name="testValidStrict" classname="org.apache.commons.validator.routines.LongValidatorTest" time="0.0"/>
      <testcase name="testValidateLocale" classname="org.apache.commons.validator.routines.LongValidatorTest" time="0.0"/>
      <testcase name="testValidNotStrict" classname="org.apache.commons.validator.routines.LongValidatorTest" time="0.0"/>
      <testcase name="testRangeMinMax" classname="org.apache.commons.validator.routines.LongValidatorTest" time="0.0"/>
    </testsuite>
    <testsuite name="org.apache.commons.validator.routines.PercentValidatorTest" time="0.001">
      <testcase name="testFormatType" classname="org.apache.commons.validator.routines.PercentValidatorTest" time="0.0"/>
      <testcase name="testValid" classname="org.apache.commons.validator.routines.PercentValidatorTest" time="0.001"/>
      <testcase name="testInvalid" classname="org.apache.commons.validator.routines.PercentValidatorTest" time="0.0"/>
    </testsuite>
    <testsuite name="org.apache.commons.validator.routines.ShortValidatorTest" time="0.004">
      <testcase name="testShortValidatorMethods" classname="org.apache.commons.validator.routines.ShortValidatorTest" time="0.0"/>
      <testcase name="testShortRangeMinMax" classname="org.apache.commons.validator.routines.ShortValidatorTest" time="0.0"/>
      <testcase name="testFormatType" classname="org.apache.commons.validator.routines.ShortValidatorTest" time="0.001"/>
      <testcase name="testFormat" classname="org.apache.commons.validator.routines.ShortValidatorTest" time="0.0"/>
      <testcase name="testValidateMinMax" classname="org.apache.commons.validator.routines.ShortValidatorTest" time="0.0"/>
      <testcase name="testInvalidStrict" classname="org.apache.commons.validator.routines.ShortValidatorTest" time="0.001"/>
      <testcase name="testInvalidNotStrict" classname="org.apache.commons.validator.routines.ShortValidatorTest" time="0.0"/>
      <testcase name="testValidStrict" classname="org.apache.commons.validator.routines.ShortValidatorTest" time="0.001"/>
      <testcase name="testValidateLocale" classname="org.apache.commons.validator.routines.ShortValidatorTest" time="0.0"/>
      <testcase name="testValidNotStrict" classname="org.apache.commons.validator.routines.ShortValidatorTest" time="0.0"/>
      <testcase name="testRangeMinMax" classname="org.apache.commons.validator.routines.ShortValidatorTest" time="0.001"/>
    </testsuite>
    <testsuite name="org.apache.commons.validator.routines.TimeValidatorTest" time="0.003">
      <testcase name="testLocaleInvalid" classname="org.apache.commons.validator.routines.TimeValidatorTest" time="0.0"/>
      <testcase name="testLocaleValid" classname="org.apache.commons.validator.routines.TimeValidatorTest" time="0.001"/>
      <testcase name="testPatternInvalid" classname="org.apache.commons.validator.routines.TimeValidatorTest" time="0.001"/>
      <testcase name="testPatternValid" classname="org.apache.commons.validator.routines.TimeValidatorTest" time="0.0"/>
      <testcase name="testCompare" classname="org.apache.commons.validator.routines.TimeValidatorTest" time="0.001"/>
      <testcase name="testFormat" classname="org.apache.commons.validator.routines.TimeValidatorTest" time="0.0"/>
      <testcase name="testTimeZone" classname="org.apache.commons.validator.routines.TimeValidatorTest" time="0.0"/>
    </testsuite>
  </testsuite>
  <testsuite name="org.apache.commons.validator.IntegerTest" time="2.833">
    <testcase name="testIntegerMax" classname="org.apache.commons.validator.IntegerTest" time="0.362"/>
    <testcase name="testIntBeyondMax" classname="org.apache.commons.validator.IntegerTest" time="0.362"/>
    <testcase name="testIntBeyondMin" classname="org.apache.commons.validator.IntegerTest" time="0.36"/>
    <testcase name="testIntFailure" classname="org.apache.commons.validator.IntegerTest" time="0.34"/>
    <testcase name="testInt" classname="org.apache.commons.validator.IntegerTest" time="0.361"/>
    <testcase name="testIntMin" classname="org.apache.commons.validator.IntegerTest" time="0.346"/>
    <testcase name="testNumberFailure" classname="org.apache.commons.validator.IntegerTest" time="0.346"/>
    <testcase name="testNumber" classname="org.apache.commons.validator.IntegerTest" time="0.355"/>
  </testsuite>
  <testsuite name="org.apache.commons.validator.routines.DateValidatorTest" time="0.005">
    <testcase name="testCompare" classname="org.apache.commons.validator.routines.DateValidatorTest" time="0.0"/>
    <testcase name="testDateValidatorMethods" classname="org.apache.commons.validator.routines.DateValidatorTest" time="0.001"/>
    <testcase name="testLocaleInvalid" classname="org.apache.commons.validator.routines.DateValidatorTest" time="0.001"/>
    <testcase name="testLocaleValid" classname="org.apache.commons.validator.routines.DateValidatorTest" time="0.001"/>
    <testcase name="testPatternInvalid" classname="org.apache.commons.validator.routines.DateValidatorTest" time="0.001"/>
    <testcase name="testPatternValid" classname="org.apache.commons.validator.routines.DateValidatorTest" time="0.001"/>
    <testcase name="testFormat" classname="org.apache.commons.validator.routines.DateValidatorTest" time="0.0"/>
  </testsuite>
  <testsuite name="org.apache.commons.validator.CustomValidatorResourcesTest" time="0.001">
    <testcase name="testCustomResources" classname="org.apache.commons.validator.CustomValidatorResourcesTest" time="0.001">
      <failure>junit.framework.AssertionFailedError: Error loading resources: org.apache.commons.digester.xmlrules.XmlLoadException&#13;
	at junit.framework.Assert.fail(Assert.java:47)&#13;
	at org.apache.commons.validator.CustomValidatorResourcesTest.testCustomResources(CustomValidatorResourcesTest.java:82)&#13;
	at sun.reflect.NativeMethodAccessorImpl.invoke0(Native Method)&#13;
	at sun.reflect.NativeMethodAccessorImpl.invoke(NativeMethodAccessorImpl.java:57)&#13;
	at sun.reflect.DelegatingMethodAccessorImpl.invoke(DelegatingMethodAccessorImpl.java:43)&#13;
	at java.lang.reflect.Method.invoke(Method.java:606)&#13;
	at junit.framework.TestCase.runTest(TestCase.java:154)&#13;
	at junit.framework.TestCase.runBare(TestCase.java:127)&#13;
	at junit.framework.TestResult$1.protect(TestResult.java:106)&#13;
	at junit.framework.TestResult.runProtected(TestResult.java:124)&#13;
	at junit.framework.TestResult.run(TestResult.java:109)&#13;
	at junit.framework.TestCase.run(TestCase.java:118)&#13;
	at junit.framework.TestSuite.runTest(TestSuite.java:208)&#13;
	at junit.framework.TestSuite.run(TestSuite.java:203)&#13;
	at org.eclipse.jdt.internal.junit.runner.junit3.JUnit3TestReference.run(JUnit3TestReference.java:131)&#13;
	at org.eclipse.jdt.internal.junit.runner.TestExecution.run(TestExecution.java:38)&#13;
	at org.eclipse.jdt.internal.junit.runner.RemoteTestRunner.runTests(RemoteTestRunner.java:459)&#13;
	at org.eclipse.jdt.internal.junit.runner.RemoteTestRunner.runTests(RemoteTestRunner.java:675)&#13;
	at org.eclipse.jdt.internal.junit.runner.RemoteTestRunner.run(RemoteTestRunner.java:382)&#13;
	at org.eclipse.jdt.internal.junit.runner.RemoteTestRunner.main(RemoteTestRunner.java:192)&#13;
&#13;
</failure>
    </testcase>
  </testsuite>
  <testsuite name="org.apache.commons.validator.routines.BigIntegerValidatorTest" time="0.002">
    <testcase name="testBigIntegerRangeMinMax" classname="org.apache.commons.validator.routines.BigIntegerValidatorTest" time="0.0"/>
    <testcase name="testBigIntegerValidatorMethods" classname="org.apache.commons.validator.routines.BigIntegerValidatorTest" time="0.0"/>
    <testcase name="testFormatType" classname="org.apache.commons.validator.routines.BigIntegerValidatorTest" time="0.0"/>
    <testcase name="testFormat" classname="org.apache.commons.validator.routines.BigIntegerValidatorTest" time="0.0"/>
    <testcase name="testValidateMinMax" classname="org.apache.commons.validator.routines.BigIntegerValidatorTest" time="0.001"/>
    <testcase name="testInvalidStrict" classname="org.apache.commons.validator.routines.BigIntegerValidatorTest" time="0.0"/>
    <testcase name="testInvalidNotStrict" classname="org.apache.commons.validator.routines.BigIntegerValidatorTest" time="0.0"/>
    <testcase name="testValidStrict" classname="org.apache.commons.validator.routines.BigIntegerValidatorTest" time="0.0"/>
    <testcase name="testValidateLocale" classname="org.apache.commons.validator.routines.BigIntegerValidatorTest" time="0.0"/>
    <testcase name="testValidNotStrict" classname="org.apache.commons.validator.routines.BigIntegerValidatorTest" time="0.001"/>
    <testcase name="testRangeMinMax" classname="org.apache.commons.validator.routines.BigIntegerValidatorTest" time="0.0"/>
  </testsuite>
  <testsuite name="org.apache.commons.validator.RequiredNameTest" time="2.158">
    <testcase name="testRequiredFirstNameBlank" classname="org.apache.commons.validator.RequiredNameTest" time="0.36"/>
    <testcase name="testRequiredLastNameBlank" classname="org.apache.commons.validator.RequiredNameTest" time="0.351"/>
    <testcase name="testRequiredFirstName" classname="org.apache.commons.validator.RequiredNameTest" time="0.363"/>
    <testcase name="testRequiredLastName" classname="org.apache.commons.validator.RequiredNameTest" time="0.372"/>
    <testcase name="testRequiredName" classname="org.apache.commons.validator.RequiredNameTest" time="0.364"/>
    <testcase name="testRequired" classname="org.apache.commons.validator.RequiredNameTest" time="0.348"/>
  </testsuite>
  <testsuite name="org.apache.commons.validator.VarTest" time="0.337">
    <testcase name="testVars" classname="org.apache.commons.validator.VarTest" time="0.337"/>
  </testsuite>
</testrun>
